[2025-01-18T10:53:59.781+0000] {processor.py:186} INFO - Started process (PID=81) to work on /opt/airflow/dags/exampledag.py
[2025-01-18T10:53:59.784+0000] {processor.py:914} INFO - Processing file /opt/airflow/dags/exampledag.py for tasks to queue
[2025-01-18T10:53:59.792+0000] {logging_mixin.py:190} INFO - [2025-01-18T10:53:59.790+0000] {dagbag.py:588} INFO - Filling up the DagBag from /opt/airflow/dags/exampledag.py
[2025-01-18T10:53:59.874+0000] {processor.py:925} INFO - DAG(s) 'example_astronauts' retrieved from /opt/airflow/dags/exampledag.py
[2025-01-18T10:54:04.313+0000] {logging_mixin.py:190} INFO - [2025-01-18T10:54:04.311+0000] {override.py:1911} INFO - Created Permission View: can read on DAG:example_astronauts
[2025-01-18T10:54:04.376+0000] {logging_mixin.py:190} INFO - [2025-01-18T10:54:04.375+0000] {override.py:1911} INFO - Created Permission View: can delete on DAG:example_astronauts
[2025-01-18T10:54:04.484+0000] {logging_mixin.py:190} INFO - [2025-01-18T10:54:04.483+0000] {override.py:1911} INFO - Created Permission View: can edit on DAG:example_astronauts
[2025-01-18T10:54:04.661+0000] {logging_mixin.py:190} INFO - [2025-01-18T10:54:04.659+0000] {override.py:1911} INFO - Created Permission View: can read on DAG Run:example_astronauts
[2025-01-18T10:54:05.094+0000] {logging_mixin.py:190} INFO - [2025-01-18T10:54:05.093+0000] {override.py:1911} INFO - Created Permission View: menu access on DAG Run:example_astronauts
[2025-01-18T10:54:05.389+0000] {logging_mixin.py:190} INFO - [2025-01-18T10:54:05.388+0000] {override.py:1911} INFO - Created Permission View: can create on DAG Run:example_astronauts
[2025-01-18T10:54:05.467+0000] {logging_mixin.py:190} INFO - [2025-01-18T10:54:05.466+0000] {override.py:1911} INFO - Created Permission View: can delete on DAG Run:example_astronauts
[2025-01-18T10:54:05.469+0000] {logging_mixin.py:190} INFO - [2025-01-18T10:54:05.468+0000] {dag.py:3239} INFO - Sync 1 DAGs
[2025-01-18T10:54:05.503+0000] {logging_mixin.py:190} INFO - [2025-01-18T10:54:05.503+0000] {dag.py:3262} INFO - Creating ORM DAG for example_astronauts
[2025-01-18T10:54:05.541+0000] {logging_mixin.py:190} INFO - [2025-01-18T10:54:05.540+0000] {dag.py:4180} INFO - Setting next_dagrun for example_astronauts to 2025-01-17 00:00:00+00:00, run_after=2025-01-18 00:00:00+00:00
[2025-01-18T10:54:05.748+0000] {processor.py:208} INFO - Processing /opt/airflow/dags/exampledag.py took 5.991 seconds
[2025-01-18T10:54:36.660+0000] {processor.py:186} INFO - Started process (PID=85) to work on /opt/airflow/dags/exampledag.py
[2025-01-18T10:54:36.661+0000] {processor.py:914} INFO - Processing file /opt/airflow/dags/exampledag.py for tasks to queue
[2025-01-18T10:54:36.664+0000] {logging_mixin.py:190} INFO - [2025-01-18T10:54:36.664+0000] {dagbag.py:588} INFO - Filling up the DagBag from /opt/airflow/dags/exampledag.py
[2025-01-18T10:54:36.691+0000] {processor.py:925} INFO - DAG(s) 'example_astronauts' retrieved from /opt/airflow/dags/exampledag.py
[2025-01-18T10:54:36.726+0000] {logging_mixin.py:190} INFO - [2025-01-18T10:54:36.726+0000] {dag.py:3239} INFO - Sync 1 DAGs
[2025-01-18T10:54:36.816+0000] {logging_mixin.py:190} INFO - [2025-01-18T10:54:36.815+0000] {dag.py:4180} INFO - Setting next_dagrun for example_astronauts to 2025-01-17 00:00:00+00:00, run_after=2025-01-18 00:00:00+00:00
[2025-01-18T10:54:37.007+0000] {processor.py:208} INFO - Processing /opt/airflow/dags/exampledag.py took 0.355 seconds
[2025-01-18T10:55:07.645+0000] {processor.py:186} INFO - Started process (PID=89) to work on /opt/airflow/dags/exampledag.py
[2025-01-18T10:55:07.647+0000] {processor.py:914} INFO - Processing file /opt/airflow/dags/exampledag.py for tasks to queue
[2025-01-18T10:55:07.649+0000] {logging_mixin.py:190} INFO - [2025-01-18T10:55:07.649+0000] {dagbag.py:588} INFO - Filling up the DagBag from /opt/airflow/dags/exampledag.py
[2025-01-18T10:55:07.673+0000] {processor.py:925} INFO - DAG(s) 'example_astronauts' retrieved from /opt/airflow/dags/exampledag.py
[2025-01-18T10:55:07.707+0000] {logging_mixin.py:190} INFO - [2025-01-18T10:55:07.706+0000] {dag.py:3239} INFO - Sync 1 DAGs
[2025-01-18T10:55:07.739+0000] {logging_mixin.py:190} INFO - [2025-01-18T10:55:07.738+0000] {dag.py:4180} INFO - Setting next_dagrun for example_astronauts to 2025-01-17 00:00:00+00:00, run_after=2025-01-18 00:00:00+00:00
[2025-01-18T10:55:07.821+0000] {processor.py:208} INFO - Processing /opt/airflow/dags/exampledag.py took 0.182 seconds
[2025-01-18T10:55:38.722+0000] {processor.py:186} INFO - Started process (PID=93) to work on /opt/airflow/dags/exampledag.py
[2025-01-18T10:55:38.724+0000] {processor.py:914} INFO - Processing file /opt/airflow/dags/exampledag.py for tasks to queue
[2025-01-18T10:55:38.729+0000] {logging_mixin.py:190} INFO - [2025-01-18T10:55:38.728+0000] {dagbag.py:588} INFO - Filling up the DagBag from /opt/airflow/dags/exampledag.py
[2025-01-18T10:55:38.775+0000] {processor.py:925} INFO - DAG(s) 'example_astronauts' retrieved from /opt/airflow/dags/exampledag.py
[2025-01-18T10:55:38.834+0000] {logging_mixin.py:190} INFO - [2025-01-18T10:55:38.834+0000] {dag.py:3239} INFO - Sync 1 DAGs
[2025-01-18T10:55:38.878+0000] {logging_mixin.py:190} INFO - [2025-01-18T10:55:38.878+0000] {dag.py:4180} INFO - Setting next_dagrun for example_astronauts to 2025-01-17 00:00:00+00:00, run_after=2025-01-18 00:00:00+00:00
[2025-01-18T10:55:39.218+0000] {processor.py:208} INFO - Processing /opt/airflow/dags/exampledag.py took 0.505 seconds
[2025-01-18T10:56:09.874+0000] {processor.py:186} INFO - Started process (PID=97) to work on /opt/airflow/dags/exampledag.py
[2025-01-18T10:56:09.877+0000] {processor.py:914} INFO - Processing file /opt/airflow/dags/exampledag.py for tasks to queue
[2025-01-18T10:56:09.881+0000] {logging_mixin.py:190} INFO - [2025-01-18T10:56:09.880+0000] {dagbag.py:588} INFO - Filling up the DagBag from /opt/airflow/dags/exampledag.py
[2025-01-18T10:56:09.912+0000] {processor.py:925} INFO - DAG(s) 'example_astronauts' retrieved from /opt/airflow/dags/exampledag.py
[2025-01-18T10:56:09.948+0000] {logging_mixin.py:190} INFO - [2025-01-18T10:56:09.947+0000] {dag.py:3239} INFO - Sync 1 DAGs
[2025-01-18T10:56:09.986+0000] {logging_mixin.py:190} INFO - [2025-01-18T10:56:09.986+0000] {dag.py:4180} INFO - Setting next_dagrun for example_astronauts to 2025-01-17 00:00:00+00:00, run_after=2025-01-18 00:00:00+00:00
[2025-01-18T10:56:10.068+0000] {processor.py:208} INFO - Processing /opt/airflow/dags/exampledag.py took 0.205 seconds
[2025-01-18T10:56:40.500+0000] {processor.py:186} INFO - Started process (PID=101) to work on /opt/airflow/dags/exampledag.py
[2025-01-18T10:56:40.501+0000] {processor.py:914} INFO - Processing file /opt/airflow/dags/exampledag.py for tasks to queue
[2025-01-18T10:56:40.506+0000] {logging_mixin.py:190} INFO - [2025-01-18T10:56:40.505+0000] {dagbag.py:588} INFO - Filling up the DagBag from /opt/airflow/dags/exampledag.py
[2025-01-18T10:56:40.561+0000] {processor.py:925} INFO - DAG(s) 'example_astronauts' retrieved from /opt/airflow/dags/exampledag.py
[2025-01-18T10:56:40.614+0000] {logging_mixin.py:190} INFO - [2025-01-18T10:56:40.614+0000] {dag.py:3239} INFO - Sync 1 DAGs
[2025-01-18T10:56:40.688+0000] {logging_mixin.py:190} INFO - [2025-01-18T10:56:40.688+0000] {dag.py:4180} INFO - Setting next_dagrun for example_astronauts to 2025-01-17 00:00:00+00:00, run_after=2025-01-18 00:00:00+00:00
[2025-01-18T10:56:40.929+0000] {processor.py:208} INFO - Processing /opt/airflow/dags/exampledag.py took 0.438 seconds
[2025-01-18T10:57:12.044+0000] {processor.py:186} INFO - Started process (PID=105) to work on /opt/airflow/dags/exampledag.py
[2025-01-18T10:57:12.046+0000] {processor.py:914} INFO - Processing file /opt/airflow/dags/exampledag.py for tasks to queue
[2025-01-18T10:57:12.051+0000] {logging_mixin.py:190} INFO - [2025-01-18T10:57:12.050+0000] {dagbag.py:588} INFO - Filling up the DagBag from /opt/airflow/dags/exampledag.py
[2025-01-18T10:57:12.111+0000] {processor.py:925} INFO - DAG(s) 'example_astronauts' retrieved from /opt/airflow/dags/exampledag.py
[2025-01-18T10:57:12.175+0000] {logging_mixin.py:190} INFO - [2025-01-18T10:57:12.174+0000] {dag.py:3239} INFO - Sync 1 DAGs
[2025-01-18T10:57:12.223+0000] {logging_mixin.py:190} INFO - [2025-01-18T10:57:12.223+0000] {dag.py:4180} INFO - Setting next_dagrun for example_astronauts to 2025-01-17 00:00:00+00:00, run_after=2025-01-18 00:00:00+00:00
[2025-01-18T10:57:12.422+0000] {processor.py:208} INFO - Processing /opt/airflow/dags/exampledag.py took 0.392 seconds
[2025-01-18T10:57:43.098+0000] {processor.py:186} INFO - Started process (PID=109) to work on /opt/airflow/dags/exampledag.py
[2025-01-18T10:57:43.099+0000] {processor.py:914} INFO - Processing file /opt/airflow/dags/exampledag.py for tasks to queue
[2025-01-18T10:57:43.102+0000] {logging_mixin.py:190} INFO - [2025-01-18T10:57:43.101+0000] {dagbag.py:588} INFO - Filling up the DagBag from /opt/airflow/dags/exampledag.py
[2025-01-18T10:57:43.125+0000] {processor.py:925} INFO - DAG(s) 'example_astronauts' retrieved from /opt/airflow/dags/exampledag.py
[2025-01-18T10:57:43.158+0000] {logging_mixin.py:190} INFO - [2025-01-18T10:57:43.157+0000] {dag.py:3239} INFO - Sync 1 DAGs
[2025-01-18T10:57:43.188+0000] {logging_mixin.py:190} INFO - [2025-01-18T10:57:43.188+0000] {dag.py:4180} INFO - Setting next_dagrun for example_astronauts to 2025-01-17 00:00:00+00:00, run_after=2025-01-18 00:00:00+00:00
[2025-01-18T10:57:43.320+0000] {processor.py:208} INFO - Processing /opt/airflow/dags/exampledag.py took 0.227 seconds
[2025-01-18T10:58:13.654+0000] {processor.py:186} INFO - Started process (PID=113) to work on /opt/airflow/dags/exampledag.py
[2025-01-18T10:58:13.655+0000] {processor.py:914} INFO - Processing file /opt/airflow/dags/exampledag.py for tasks to queue
[2025-01-18T10:58:13.661+0000] {logging_mixin.py:190} INFO - [2025-01-18T10:58:13.660+0000] {dagbag.py:588} INFO - Filling up the DagBag from /opt/airflow/dags/exampledag.py
[2025-01-18T10:58:13.692+0000] {processor.py:925} INFO - DAG(s) 'example_astronauts' retrieved from /opt/airflow/dags/exampledag.py
[2025-01-18T10:58:13.732+0000] {logging_mixin.py:190} INFO - [2025-01-18T10:58:13.731+0000] {dag.py:3239} INFO - Sync 1 DAGs
[2025-01-18T10:58:13.784+0000] {logging_mixin.py:190} INFO - [2025-01-18T10:58:13.783+0000] {dag.py:4180} INFO - Setting next_dagrun for example_astronauts to 2025-01-17 00:00:00+00:00, run_after=2025-01-18 00:00:00+00:00
[2025-01-18T10:58:14.139+0000] {processor.py:208} INFO - Processing /opt/airflow/dags/exampledag.py took 0.490 seconds
[2025-01-18T10:58:44.687+0000] {processor.py:186} INFO - Started process (PID=117) to work on /opt/airflow/dags/exampledag.py
[2025-01-18T10:58:44.689+0000] {processor.py:914} INFO - Processing file /opt/airflow/dags/exampledag.py for tasks to queue
[2025-01-18T10:58:44.696+0000] {logging_mixin.py:190} INFO - [2025-01-18T10:58:44.694+0000] {dagbag.py:588} INFO - Filling up the DagBag from /opt/airflow/dags/exampledag.py
[2025-01-18T10:58:44.763+0000] {processor.py:925} INFO - DAG(s) 'example_astronauts' retrieved from /opt/airflow/dags/exampledag.py
[2025-01-18T10:58:44.801+0000] {logging_mixin.py:190} INFO - [2025-01-18T10:58:44.801+0000] {dag.py:3239} INFO - Sync 1 DAGs
[2025-01-18T10:58:44.832+0000] {logging_mixin.py:190} INFO - [2025-01-18T10:58:44.832+0000] {dag.py:4180} INFO - Setting next_dagrun for example_astronauts to 2025-01-17 00:00:00+00:00, run_after=2025-01-18 00:00:00+00:00
[2025-01-18T10:58:45.000+0000] {processor.py:208} INFO - Processing /opt/airflow/dags/exampledag.py took 0.320 seconds
[2025-01-18T10:59:15.793+0000] {processor.py:186} INFO - Started process (PID=121) to work on /opt/airflow/dags/exampledag.py
[2025-01-18T10:59:15.796+0000] {processor.py:914} INFO - Processing file /opt/airflow/dags/exampledag.py for tasks to queue
[2025-01-18T10:59:15.800+0000] {logging_mixin.py:190} INFO - [2025-01-18T10:59:15.799+0000] {dagbag.py:588} INFO - Filling up the DagBag from /opt/airflow/dags/exampledag.py
[2025-01-18T10:59:15.836+0000] {processor.py:925} INFO - DAG(s) 'example_astronauts' retrieved from /opt/airflow/dags/exampledag.py
[2025-01-18T10:59:15.902+0000] {logging_mixin.py:190} INFO - [2025-01-18T10:59:15.901+0000] {dag.py:3239} INFO - Sync 1 DAGs
[2025-01-18T10:59:15.956+0000] {logging_mixin.py:190} INFO - [2025-01-18T10:59:15.955+0000] {dag.py:4180} INFO - Setting next_dagrun for example_astronauts to 2025-01-17 00:00:00+00:00, run_after=2025-01-18 00:00:00+00:00
[2025-01-18T10:59:16.058+0000] {processor.py:208} INFO - Processing /opt/airflow/dags/exampledag.py took 0.279 seconds
[2025-01-18T10:59:46.430+0000] {processor.py:186} INFO - Started process (PID=125) to work on /opt/airflow/dags/exampledag.py
[2025-01-18T10:59:46.432+0000] {processor.py:914} INFO - Processing file /opt/airflow/dags/exampledag.py for tasks to queue
[2025-01-18T10:59:46.435+0000] {logging_mixin.py:190} INFO - [2025-01-18T10:59:46.435+0000] {dagbag.py:588} INFO - Filling up the DagBag from /opt/airflow/dags/exampledag.py
[2025-01-18T10:59:46.463+0000] {processor.py:925} INFO - DAG(s) 'example_astronauts' retrieved from /opt/airflow/dags/exampledag.py
[2025-01-18T10:59:46.500+0000] {logging_mixin.py:190} INFO - [2025-01-18T10:59:46.499+0000] {dag.py:3239} INFO - Sync 1 DAGs
[2025-01-18T10:59:46.549+0000] {logging_mixin.py:190} INFO - [2025-01-18T10:59:46.548+0000] {dag.py:4180} INFO - Setting next_dagrun for example_astronauts to 2025-01-17 00:00:00+00:00, run_after=2025-01-18 00:00:00+00:00
[2025-01-18T10:59:46.749+0000] {processor.py:208} INFO - Processing /opt/airflow/dags/exampledag.py took 0.325 seconds
[2025-01-18T11:00:17.668+0000] {processor.py:186} INFO - Started process (PID=129) to work on /opt/airflow/dags/exampledag.py
[2025-01-18T11:00:17.669+0000] {processor.py:914} INFO - Processing file /opt/airflow/dags/exampledag.py for tasks to queue
[2025-01-18T11:00:17.672+0000] {logging_mixin.py:190} INFO - [2025-01-18T11:00:17.671+0000] {dagbag.py:588} INFO - Filling up the DagBag from /opt/airflow/dags/exampledag.py
[2025-01-18T11:00:17.697+0000] {processor.py:925} INFO - DAG(s) 'example_astronauts' retrieved from /opt/airflow/dags/exampledag.py
[2025-01-18T11:00:17.734+0000] {logging_mixin.py:190} INFO - [2025-01-18T11:00:17.734+0000] {dag.py:3239} INFO - Sync 1 DAGs
[2025-01-18T11:00:17.788+0000] {logging_mixin.py:190} INFO - [2025-01-18T11:00:17.788+0000] {dag.py:4180} INFO - Setting next_dagrun for example_astronauts to 2025-01-17 00:00:00+00:00, run_after=2025-01-18 00:00:00+00:00
[2025-01-18T11:00:17.919+0000] {processor.py:208} INFO - Processing /opt/airflow/dags/exampledag.py took 0.256 seconds
[2025-01-18T11:00:48.755+0000] {processor.py:186} INFO - Started process (PID=133) to work on /opt/airflow/dags/exampledag.py
[2025-01-18T11:00:48.757+0000] {processor.py:914} INFO - Processing file /opt/airflow/dags/exampledag.py for tasks to queue
[2025-01-18T11:00:48.760+0000] {logging_mixin.py:190} INFO - [2025-01-18T11:00:48.759+0000] {dagbag.py:588} INFO - Filling up the DagBag from /opt/airflow/dags/exampledag.py
[2025-01-18T11:00:48.792+0000] {processor.py:925} INFO - DAG(s) 'example_astronauts' retrieved from /opt/airflow/dags/exampledag.py
[2025-01-18T11:00:48.860+0000] {logging_mixin.py:190} INFO - [2025-01-18T11:00:48.860+0000] {dag.py:3239} INFO - Sync 1 DAGs
[2025-01-18T11:00:48.895+0000] {logging_mixin.py:190} INFO - [2025-01-18T11:00:48.895+0000] {dag.py:4180} INFO - Setting next_dagrun for example_astronauts to 2025-01-17 00:00:00+00:00, run_after=2025-01-18 00:00:00+00:00
[2025-01-18T11:00:49.025+0000] {processor.py:208} INFO - Processing /opt/airflow/dags/exampledag.py took 0.276 seconds
[2025-01-18T11:01:19.921+0000] {processor.py:186} INFO - Started process (PID=137) to work on /opt/airflow/dags/exampledag.py
[2025-01-18T11:01:19.970+0000] {processor.py:914} INFO - Processing file /opt/airflow/dags/exampledag.py for tasks to queue
[2025-01-18T11:01:20.010+0000] {logging_mixin.py:190} INFO - [2025-01-18T11:01:20.006+0000] {dagbag.py:588} INFO - Filling up the DagBag from /opt/airflow/dags/exampledag.py
[2025-01-18T11:01:20.096+0000] {processor.py:925} INFO - DAG(s) 'example_astronauts' retrieved from /opt/airflow/dags/exampledag.py
[2025-01-18T11:01:20.164+0000] {logging_mixin.py:190} INFO - [2025-01-18T11:01:20.163+0000] {dag.py:3239} INFO - Sync 1 DAGs
[2025-01-18T11:01:20.255+0000] {logging_mixin.py:190} INFO - [2025-01-18T11:01:20.254+0000] {dag.py:4180} INFO - Setting next_dagrun for example_astronauts to 2025-01-17 00:00:00+00:00, run_after=2025-01-18 00:00:00+00:00
[2025-01-18T11:01:20.417+0000] {processor.py:208} INFO - Processing /opt/airflow/dags/exampledag.py took 0.509 seconds
[2025-01-18T11:01:51.356+0000] {processor.py:186} INFO - Started process (PID=141) to work on /opt/airflow/dags/exampledag.py
[2025-01-18T11:01:51.358+0000] {processor.py:914} INFO - Processing file /opt/airflow/dags/exampledag.py for tasks to queue
[2025-01-18T11:01:51.362+0000] {logging_mixin.py:190} INFO - [2025-01-18T11:01:51.361+0000] {dagbag.py:588} INFO - Filling up the DagBag from /opt/airflow/dags/exampledag.py
[2025-01-18T11:01:51.393+0000] {processor.py:925} INFO - DAG(s) 'example_astronauts' retrieved from /opt/airflow/dags/exampledag.py
[2025-01-18T11:01:51.447+0000] {logging_mixin.py:190} INFO - [2025-01-18T11:01:51.447+0000] {dag.py:3239} INFO - Sync 1 DAGs
[2025-01-18T11:01:51.552+0000] {logging_mixin.py:190} INFO - [2025-01-18T11:01:51.552+0000] {dag.py:4180} INFO - Setting next_dagrun for example_astronauts to 2025-01-17 00:00:00+00:00, run_after=2025-01-18 00:00:00+00:00
[2025-01-18T11:01:51.787+0000] {processor.py:208} INFO - Processing /opt/airflow/dags/exampledag.py took 0.441 seconds
[2025-01-18T11:04:02.874+0000] {processor.py:186} INFO - Started process (PID=280) to work on /opt/airflow/dags/exampledag.py
[2025-01-18T11:04:02.876+0000] {processor.py:914} INFO - Processing file /opt/airflow/dags/exampledag.py for tasks to queue
[2025-01-18T11:04:02.879+0000] {logging_mixin.py:190} INFO - [2025-01-18T11:04:02.879+0000] {dagbag.py:588} INFO - Filling up the DagBag from /opt/airflow/dags/exampledag.py
[2025-01-18T11:04:02.958+0000] {processor.py:925} INFO - DAG(s) 'example_astronauts' retrieved from /opt/airflow/dags/exampledag.py
[2025-01-18T11:04:03.068+0000] {logging_mixin.py:190} INFO - [2025-01-18T11:04:03.068+0000] {dag.py:3239} INFO - Sync 1 DAGs
[2025-01-18T11:04:03.171+0000] {logging_mixin.py:190} INFO - [2025-01-18T11:04:03.169+0000] {dag.py:4180} INFO - Setting next_dagrun for example_astronauts to 2025-01-17 00:00:00+00:00, run_after=2025-01-18 00:00:00+00:00
[2025-01-18T11:04:03.396+0000] {processor.py:208} INFO - Processing /opt/airflow/dags/exampledag.py took 0.528 seconds
[2025-01-18T11:04:38.899+0000] {processor.py:186} INFO - Started process (PID=339) to work on /opt/airflow/dags/exampledag.py
[2025-01-18T11:04:38.902+0000] {processor.py:914} INFO - Processing file /opt/airflow/dags/exampledag.py for tasks to queue
[2025-01-18T11:04:38.907+0000] {logging_mixin.py:190} INFO - [2025-01-18T11:04:38.906+0000] {dagbag.py:588} INFO - Filling up the DagBag from /opt/airflow/dags/exampledag.py
[2025-01-18T11:04:38.954+0000] {processor.py:925} INFO - DAG(s) 'example_astronauts' retrieved from /opt/airflow/dags/exampledag.py
[2025-01-18T11:04:39.002+0000] {logging_mixin.py:190} INFO - [2025-01-18T11:04:39.002+0000] {dag.py:3239} INFO - Sync 1 DAGs
[2025-01-18T11:04:39.041+0000] {logging_mixin.py:190} INFO - [2025-01-18T11:04:39.040+0000] {dag.py:4180} INFO - Setting next_dagrun for example_astronauts to 2025-01-17 00:00:00+00:00, run_after=2025-01-18 00:00:00+00:00
[2025-01-18T11:04:39.171+0000] {processor.py:208} INFO - Processing /opt/airflow/dags/exampledag.py took 0.286 seconds
[2025-01-18T11:05:49.507+0000] {processor.py:186} INFO - Started process (PID=453) to work on /opt/airflow/dags/exampledag.py
[2025-01-18T11:05:49.512+0000] {processor.py:914} INFO - Processing file /opt/airflow/dags/exampledag.py for tasks to queue
[2025-01-18T11:05:49.518+0000] {logging_mixin.py:190} INFO - [2025-01-18T11:05:49.517+0000] {dagbag.py:588} INFO - Filling up the DagBag from /opt/airflow/dags/exampledag.py
[2025-01-18T11:05:49.586+0000] {processor.py:925} INFO - DAG(s) 'example_astronauts' retrieved from /opt/airflow/dags/exampledag.py
[2025-01-18T11:05:49.659+0000] {logging_mixin.py:190} INFO - [2025-01-18T11:05:49.658+0000] {dag.py:3239} INFO - Sync 1 DAGs
[2025-01-18T11:05:49.694+0000] {logging_mixin.py:190} INFO - [2025-01-18T11:05:49.693+0000] {dag.py:4180} INFO - Setting next_dagrun for example_astronauts to 2025-01-17 00:00:00+00:00, run_after=2025-01-18 00:00:00+00:00
[2025-01-18T11:05:49.872+0000] {processor.py:208} INFO - Processing /opt/airflow/dags/exampledag.py took 0.379 seconds
[2025-01-18T11:06:22.405+0000] {processor.py:186} INFO - Started process (PID=512) to work on /opt/airflow/dags/exampledag.py
[2025-01-18T11:06:22.406+0000] {processor.py:914} INFO - Processing file /opt/airflow/dags/exampledag.py for tasks to queue
[2025-01-18T11:06:22.409+0000] {logging_mixin.py:190} INFO - [2025-01-18T11:06:22.408+0000] {dagbag.py:588} INFO - Filling up the DagBag from /opt/airflow/dags/exampledag.py
[2025-01-18T11:06:22.474+0000] {processor.py:925} INFO - DAG(s) 'example_astronauts' retrieved from /opt/airflow/dags/exampledag.py
[2025-01-18T11:06:22.547+0000] {logging_mixin.py:190} INFO - [2025-01-18T11:06:22.547+0000] {dag.py:3239} INFO - Sync 1 DAGs
[2025-01-18T11:06:22.600+0000] {logging_mixin.py:190} INFO - [2025-01-18T11:06:22.599+0000] {dag.py:4180} INFO - Setting next_dagrun for example_astronauts to 2025-01-17 00:00:00+00:00, run_after=2025-01-18 00:00:00+00:00
[2025-01-18T11:06:22.788+0000] {processor.py:208} INFO - Processing /opt/airflow/dags/exampledag.py took 0.389 seconds
[2025-01-18T11:07:49.112+0000] {processor.py:186} INFO - Started process (PID=672) to work on /opt/airflow/dags/exampledag.py
[2025-01-18T11:07:49.115+0000] {processor.py:914} INFO - Processing file /opt/airflow/dags/exampledag.py for tasks to queue
[2025-01-18T11:07:49.119+0000] {logging_mixin.py:190} INFO - [2025-01-18T11:07:49.118+0000] {dagbag.py:588} INFO - Filling up the DagBag from /opt/airflow/dags/exampledag.py
[2025-01-18T11:07:49.153+0000] {processor.py:925} INFO - DAG(s) 'example_astronauts' retrieved from /opt/airflow/dags/exampledag.py
[2025-01-18T11:07:49.194+0000] {logging_mixin.py:190} INFO - [2025-01-18T11:07:49.194+0000] {dag.py:3239} INFO - Sync 1 DAGs
[2025-01-18T11:07:49.255+0000] {logging_mixin.py:190} INFO - [2025-01-18T11:07:49.254+0000] {dag.py:4180} INFO - Setting next_dagrun for example_astronauts to 2025-01-17 00:00:00+00:00, run_after=2025-01-18 00:00:00+00:00
[2025-01-18T11:07:49.379+0000] {processor.py:208} INFO - Processing /opt/airflow/dags/exampledag.py took 0.280 seconds
[2025-01-18T11:08:21.981+0000] {processor.py:186} INFO - Started process (PID=731) to work on /opt/airflow/dags/exampledag.py
[2025-01-18T11:08:21.982+0000] {processor.py:914} INFO - Processing file /opt/airflow/dags/exampledag.py for tasks to queue
[2025-01-18T11:08:21.985+0000] {logging_mixin.py:190} INFO - [2025-01-18T11:08:21.985+0000] {dagbag.py:588} INFO - Filling up the DagBag from /opt/airflow/dags/exampledag.py
[2025-01-18T11:08:22.016+0000] {processor.py:925} INFO - DAG(s) 'example_astronauts' retrieved from /opt/airflow/dags/exampledag.py
[2025-01-18T11:08:22.056+0000] {logging_mixin.py:190} INFO - [2025-01-18T11:08:22.056+0000] {dag.py:3239} INFO - Sync 1 DAGs
[2025-01-18T11:08:22.111+0000] {logging_mixin.py:190} INFO - [2025-01-18T11:08:22.111+0000] {dag.py:4180} INFO - Setting next_dagrun for example_astronauts to 2025-01-17 00:00:00+00:00, run_after=2025-01-18 00:00:00+00:00
[2025-01-18T11:08:22.276+0000] {processor.py:208} INFO - Processing /opt/airflow/dags/exampledag.py took 0.303 seconds
[2025-01-18T11:09:28.914+0000] {processor.py:186} INFO - Started process (PID=846) to work on /opt/airflow/dags/exampledag.py
[2025-01-18T11:09:28.915+0000] {processor.py:914} INFO - Processing file /opt/airflow/dags/exampledag.py for tasks to queue
[2025-01-18T11:09:28.918+0000] {logging_mixin.py:190} INFO - [2025-01-18T11:09:28.917+0000] {dagbag.py:588} INFO - Filling up the DagBag from /opt/airflow/dags/exampledag.py
[2025-01-18T11:09:28.949+0000] {processor.py:925} INFO - DAG(s) 'example_astronauts' retrieved from /opt/airflow/dags/exampledag.py
[2025-01-18T11:09:28.991+0000] {logging_mixin.py:190} INFO - [2025-01-18T11:09:28.991+0000] {dag.py:3239} INFO - Sync 1 DAGs
[2025-01-18T11:09:29.032+0000] {logging_mixin.py:190} INFO - [2025-01-18T11:09:29.031+0000] {dag.py:4180} INFO - Setting next_dagrun for example_astronauts to 2025-01-17 00:00:00+00:00, run_after=2025-01-18 00:00:00+00:00
[2025-01-18T11:09:29.205+0000] {processor.py:208} INFO - Processing /opt/airflow/dags/exampledag.py took 0.297 seconds
[2025-01-18T11:10:21.082+0000] {processor.py:186} INFO - Started process (PID=938) to work on /opt/airflow/dags/exampledag.py
[2025-01-18T11:10:21.084+0000] {processor.py:914} INFO - Processing file /opt/airflow/dags/exampledag.py for tasks to queue
[2025-01-18T11:10:21.087+0000] {logging_mixin.py:190} INFO - [2025-01-18T11:10:21.087+0000] {dagbag.py:588} INFO - Filling up the DagBag from /opt/airflow/dags/exampledag.py
[2025-01-18T11:10:21.122+0000] {processor.py:925} INFO - DAG(s) 'example_astronauts' retrieved from /opt/airflow/dags/exampledag.py
[2025-01-18T11:10:21.161+0000] {logging_mixin.py:190} INFO - [2025-01-18T11:10:21.161+0000] {dag.py:3239} INFO - Sync 1 DAGs
[2025-01-18T11:10:21.198+0000] {logging_mixin.py:190} INFO - [2025-01-18T11:10:21.198+0000] {dag.py:4180} INFO - Setting next_dagrun for example_astronauts to 2025-01-17 00:00:00+00:00, run_after=2025-01-18 00:00:00+00:00
[2025-01-18T11:10:21.369+0000] {processor.py:208} INFO - Processing /opt/airflow/dags/exampledag.py took 0.294 seconds
[2025-01-18T11:11:18.402+0000] {processor.py:186} INFO - Started process (PID=1042) to work on /opt/airflow/dags/exampledag.py
[2025-01-18T11:11:18.404+0000] {processor.py:914} INFO - Processing file /opt/airflow/dags/exampledag.py for tasks to queue
[2025-01-18T11:11:18.407+0000] {logging_mixin.py:190} INFO - [2025-01-18T11:11:18.406+0000] {dagbag.py:588} INFO - Filling up the DagBag from /opt/airflow/dags/exampledag.py
[2025-01-18T11:11:18.441+0000] {processor.py:925} INFO - DAG(s) 'example_astronauts' retrieved from /opt/airflow/dags/exampledag.py
[2025-01-18T11:11:18.494+0000] {logging_mixin.py:190} INFO - [2025-01-18T11:11:18.494+0000] {dag.py:3239} INFO - Sync 1 DAGs
[2025-01-18T11:11:18.542+0000] {logging_mixin.py:190} INFO - [2025-01-18T11:11:18.541+0000] {dag.py:4180} INFO - Setting next_dagrun for example_astronauts to 2025-01-17 00:00:00+00:00, run_after=2025-01-18 00:00:00+00:00
[2025-01-18T11:11:18.727+0000] {processor.py:208} INFO - Processing /opt/airflow/dags/exampledag.py took 0.332 seconds
