[2025-01-18T10:53:56.973+0000] {processor.py:186} INFO - Started process (PID=80) to work on /opt/airflow/dags/maths_operation.py
[2025-01-18T10:53:56.974+0000] {processor.py:914} INFO - Processing file /opt/airflow/dags/maths_operation.py for tasks to queue
[2025-01-18T10:53:56.977+0000] {logging_mixin.py:190} INFO - [2025-01-18T10:53:56.976+0000] {dagbag.py:588} INFO - Filling up the DagBag from /opt/airflow/dags/maths_operation.py
[2025-01-18T10:53:57.028+0000] {processor.py:925} INFO - DAG(s) 'math_sequence_dag' retrieved from /opt/airflow/dags/maths_operation.py
[2025-01-18T10:53:57.505+0000] {logging_mixin.py:190} INFO - [2025-01-18T10:53:57.504+0000] {override.py:1911} INFO - Created Permission View: can read on DAG:math_sequence_dag
[2025-01-18T10:53:57.595+0000] {logging_mixin.py:190} INFO - [2025-01-18T10:53:57.594+0000] {override.py:1911} INFO - Created Permission View: can delete on DAG:math_sequence_dag
[2025-01-18T10:53:57.704+0000] {logging_mixin.py:190} INFO - [2025-01-18T10:53:57.702+0000] {override.py:1911} INFO - Created Permission View: can edit on DAG:math_sequence_dag
[2025-01-18T10:53:57.847+0000] {logging_mixin.py:190} INFO - [2025-01-18T10:53:57.846+0000] {override.py:1911} INFO - Created Permission View: can read on DAG Run:math_sequence_dag
[2025-01-18T10:53:57.950+0000] {logging_mixin.py:190} INFO - [2025-01-18T10:53:57.949+0000] {override.py:1911} INFO - Created Permission View: menu access on DAG Run:math_sequence_dag
[2025-01-18T10:53:58.060+0000] {logging_mixin.py:190} INFO - [2025-01-18T10:53:58.059+0000] {override.py:1911} INFO - Created Permission View: can create on DAG Run:math_sequence_dag
[2025-01-18T10:53:58.144+0000] {logging_mixin.py:190} INFO - [2025-01-18T10:53:58.143+0000] {override.py:1911} INFO - Created Permission View: can delete on DAG Run:math_sequence_dag
[2025-01-18T10:53:58.145+0000] {logging_mixin.py:190} INFO - [2025-01-18T10:53:58.145+0000] {dag.py:3239} INFO - Sync 1 DAGs
[2025-01-18T10:53:58.196+0000] {logging_mixin.py:190} INFO - [2025-01-18T10:53:58.195+0000] {dag.py:3262} INFO - Creating ORM DAG for math_sequence_dag
[2025-01-18T10:53:58.226+0000] {logging_mixin.py:190} INFO - [2025-01-18T10:53:58.226+0000] {dag.py:4180} INFO - Setting next_dagrun for math_sequence_dag to 2023-01-01 00:00:00+00:00, run_after=2023-01-01 00:00:00+00:00
[2025-01-18T10:53:58.375+0000] {processor.py:208} INFO - Processing /opt/airflow/dags/maths_operation.py took 1.411 seconds
[2025-01-18T10:54:29.606+0000] {processor.py:186} INFO - Started process (PID=84) to work on /opt/airflow/dags/maths_operation.py
[2025-01-18T10:54:29.607+0000] {processor.py:914} INFO - Processing file /opt/airflow/dags/maths_operation.py for tasks to queue
[2025-01-18T10:54:29.610+0000] {logging_mixin.py:190} INFO - [2025-01-18T10:54:29.609+0000] {dagbag.py:588} INFO - Filling up the DagBag from /opt/airflow/dags/maths_operation.py
[2025-01-18T10:54:29.634+0000] {processor.py:925} INFO - DAG(s) 'math_sequence_dag' retrieved from /opt/airflow/dags/maths_operation.py
[2025-01-18T10:54:29.683+0000] {logging_mixin.py:190} INFO - [2025-01-18T10:54:29.682+0000] {dag.py:3239} INFO - Sync 1 DAGs
[2025-01-18T10:54:29.712+0000] {logging_mixin.py:190} INFO - [2025-01-18T10:54:29.711+0000] {dag.py:4180} INFO - Setting next_dagrun for math_sequence_dag to 2023-01-01 00:00:00+00:00, run_after=2023-01-01 00:00:00+00:00
[2025-01-18T10:54:29.839+0000] {processor.py:208} INFO - Processing /opt/airflow/dags/maths_operation.py took 0.239 seconds
[2025-01-18T10:55:00.505+0000] {processor.py:186} INFO - Started process (PID=88) to work on /opt/airflow/dags/maths_operation.py
[2025-01-18T10:55:00.506+0000] {processor.py:914} INFO - Processing file /opt/airflow/dags/maths_operation.py for tasks to queue
[2025-01-18T10:55:00.508+0000] {logging_mixin.py:190} INFO - [2025-01-18T10:55:00.508+0000] {dagbag.py:588} INFO - Filling up the DagBag from /opt/airflow/dags/maths_operation.py
[2025-01-18T10:55:00.527+0000] {processor.py:925} INFO - DAG(s) 'math_sequence_dag' retrieved from /opt/airflow/dags/maths_operation.py
[2025-01-18T10:55:00.559+0000] {logging_mixin.py:190} INFO - [2025-01-18T10:55:00.558+0000] {dag.py:3239} INFO - Sync 1 DAGs
[2025-01-18T10:55:00.586+0000] {logging_mixin.py:190} INFO - [2025-01-18T10:55:00.586+0000] {dag.py:4180} INFO - Setting next_dagrun for math_sequence_dag to 2023-01-01 00:00:00+00:00, run_after=2023-01-01 00:00:00+00:00
[2025-01-18T10:55:00.646+0000] {processor.py:208} INFO - Processing /opt/airflow/dags/maths_operation.py took 0.147 seconds
[2025-01-18T10:55:31.104+0000] {processor.py:186} INFO - Started process (PID=92) to work on /opt/airflow/dags/maths_operation.py
[2025-01-18T10:55:31.105+0000] {processor.py:914} INFO - Processing file /opt/airflow/dags/maths_operation.py for tasks to queue
[2025-01-18T10:55:31.107+0000] {logging_mixin.py:190} INFO - [2025-01-18T10:55:31.107+0000] {dagbag.py:588} INFO - Filling up the DagBag from /opt/airflow/dags/maths_operation.py
[2025-01-18T10:55:31.131+0000] {processor.py:925} INFO - DAG(s) 'math_sequence_dag' retrieved from /opt/airflow/dags/maths_operation.py
[2025-01-18T10:55:31.167+0000] {logging_mixin.py:190} INFO - [2025-01-18T10:55:31.167+0000] {dag.py:3239} INFO - Sync 1 DAGs
[2025-01-18T10:55:31.196+0000] {logging_mixin.py:190} INFO - [2025-01-18T10:55:31.195+0000] {dag.py:4180} INFO - Setting next_dagrun for math_sequence_dag to 2023-01-01 00:00:00+00:00, run_after=2023-01-01 00:00:00+00:00
[2025-01-18T10:55:31.265+0000] {processor.py:208} INFO - Processing /opt/airflow/dags/maths_operation.py took 0.166 seconds
[2025-01-18T10:56:02.416+0000] {processor.py:186} INFO - Started process (PID=96) to work on /opt/airflow/dags/maths_operation.py
[2025-01-18T10:56:02.417+0000] {processor.py:914} INFO - Processing file /opt/airflow/dags/maths_operation.py for tasks to queue
[2025-01-18T10:56:02.420+0000] {logging_mixin.py:190} INFO - [2025-01-18T10:56:02.419+0000] {dagbag.py:588} INFO - Filling up the DagBag from /opt/airflow/dags/maths_operation.py
[2025-01-18T10:56:02.441+0000] {processor.py:925} INFO - DAG(s) 'math_sequence_dag' retrieved from /opt/airflow/dags/maths_operation.py
[2025-01-18T10:56:02.473+0000] {logging_mixin.py:190} INFO - [2025-01-18T10:56:02.473+0000] {dag.py:3239} INFO - Sync 1 DAGs
[2025-01-18T10:56:02.503+0000] {logging_mixin.py:190} INFO - [2025-01-18T10:56:02.502+0000] {dag.py:4180} INFO - Setting next_dagrun for math_sequence_dag to 2023-01-01 00:00:00+00:00, run_after=2023-01-01 00:00:00+00:00
[2025-01-18T10:56:02.619+0000] {processor.py:208} INFO - Processing /opt/airflow/dags/maths_operation.py took 0.209 seconds
[2025-01-18T10:56:33.902+0000] {processor.py:186} INFO - Started process (PID=100) to work on /opt/airflow/dags/maths_operation.py
[2025-01-18T10:56:33.904+0000] {processor.py:914} INFO - Processing file /opt/airflow/dags/maths_operation.py for tasks to queue
[2025-01-18T10:56:33.911+0000] {logging_mixin.py:190} INFO - [2025-01-18T10:56:33.910+0000] {dagbag.py:588} INFO - Filling up the DagBag from /opt/airflow/dags/maths_operation.py
[2025-01-18T10:56:33.973+0000] {processor.py:925} INFO - DAG(s) 'math_sequence_dag' retrieved from /opt/airflow/dags/maths_operation.py
[2025-01-18T10:56:34.051+0000] {logging_mixin.py:190} INFO - [2025-01-18T10:56:34.051+0000] {dag.py:3239} INFO - Sync 1 DAGs
[2025-01-18T10:56:34.092+0000] {logging_mixin.py:190} INFO - [2025-01-18T10:56:34.092+0000] {dag.py:4180} INFO - Setting next_dagrun for math_sequence_dag to 2023-01-01 00:00:00+00:00, run_after=2023-01-01 00:00:00+00:00
[2025-01-18T10:56:34.207+0000] {processor.py:208} INFO - Processing /opt/airflow/dags/maths_operation.py took 0.310 seconds
[2025-01-18T10:57:05.699+0000] {processor.py:186} INFO - Started process (PID=104) to work on /opt/airflow/dags/maths_operation.py
[2025-01-18T10:57:05.700+0000] {processor.py:914} INFO - Processing file /opt/airflow/dags/maths_operation.py for tasks to queue
[2025-01-18T10:57:05.704+0000] {logging_mixin.py:190} INFO - [2025-01-18T10:57:05.703+0000] {dagbag.py:588} INFO - Filling up the DagBag from /opt/airflow/dags/maths_operation.py
[2025-01-18T10:57:05.729+0000] {processor.py:925} INFO - DAG(s) 'math_sequence_dag' retrieved from /opt/airflow/dags/maths_operation.py
[2025-01-18T10:57:05.768+0000] {logging_mixin.py:190} INFO - [2025-01-18T10:57:05.768+0000] {dag.py:3239} INFO - Sync 1 DAGs
[2025-01-18T10:57:05.801+0000] {logging_mixin.py:190} INFO - [2025-01-18T10:57:05.801+0000] {dag.py:4180} INFO - Setting next_dagrun for math_sequence_dag to 2023-01-01 00:00:00+00:00, run_after=2023-01-01 00:00:00+00:00
[2025-01-18T10:57:05.935+0000] {processor.py:208} INFO - Processing /opt/airflow/dags/maths_operation.py took 0.246 seconds
[2025-01-18T10:57:36.253+0000] {processor.py:186} INFO - Started process (PID=108) to work on /opt/airflow/dags/maths_operation.py
[2025-01-18T10:57:36.256+0000] {processor.py:914} INFO - Processing file /opt/airflow/dags/maths_operation.py for tasks to queue
[2025-01-18T10:57:36.262+0000] {logging_mixin.py:190} INFO - [2025-01-18T10:57:36.261+0000] {dagbag.py:588} INFO - Filling up the DagBag from /opt/airflow/dags/maths_operation.py
[2025-01-18T10:57:36.328+0000] {processor.py:925} INFO - DAG(s) 'math_sequence_dag' retrieved from /opt/airflow/dags/maths_operation.py
[2025-01-18T10:57:36.416+0000] {logging_mixin.py:190} INFO - [2025-01-18T10:57:36.415+0000] {dag.py:3239} INFO - Sync 1 DAGs
[2025-01-18T10:57:36.470+0000] {logging_mixin.py:190} INFO - [2025-01-18T10:57:36.469+0000] {dag.py:4180} INFO - Setting next_dagrun for math_sequence_dag to 2023-01-01 00:00:00+00:00, run_after=2023-01-01 00:00:00+00:00
[2025-01-18T10:57:36.617+0000] {processor.py:208} INFO - Processing /opt/airflow/dags/maths_operation.py took 0.378 seconds
[2025-01-18T10:58:07.640+0000] {processor.py:186} INFO - Started process (PID=112) to work on /opt/airflow/dags/maths_operation.py
[2025-01-18T10:58:07.643+0000] {processor.py:914} INFO - Processing file /opt/airflow/dags/maths_operation.py for tasks to queue
[2025-01-18T10:58:07.648+0000] {logging_mixin.py:190} INFO - [2025-01-18T10:58:07.647+0000] {dagbag.py:588} INFO - Filling up the DagBag from /opt/airflow/dags/maths_operation.py
[2025-01-18T10:58:07.687+0000] {processor.py:925} INFO - DAG(s) 'math_sequence_dag' retrieved from /opt/airflow/dags/maths_operation.py
[2025-01-18T10:58:07.738+0000] {logging_mixin.py:190} INFO - [2025-01-18T10:58:07.737+0000] {dag.py:3239} INFO - Sync 1 DAGs
[2025-01-18T10:58:07.770+0000] {logging_mixin.py:190} INFO - [2025-01-18T10:58:07.770+0000] {dag.py:4180} INFO - Setting next_dagrun for math_sequence_dag to 2023-01-01 00:00:00+00:00, run_after=2023-01-01 00:00:00+00:00
[2025-01-18T10:58:07.886+0000] {processor.py:208} INFO - Processing /opt/airflow/dags/maths_operation.py took 0.252 seconds
[2025-01-18T10:58:38.472+0000] {processor.py:186} INFO - Started process (PID=116) to work on /opt/airflow/dags/maths_operation.py
[2025-01-18T10:58:38.473+0000] {processor.py:914} INFO - Processing file /opt/airflow/dags/maths_operation.py for tasks to queue
[2025-01-18T10:58:38.476+0000] {logging_mixin.py:190} INFO - [2025-01-18T10:58:38.475+0000] {dagbag.py:588} INFO - Filling up the DagBag from /opt/airflow/dags/maths_operation.py
[2025-01-18T10:58:38.498+0000] {processor.py:925} INFO - DAG(s) 'math_sequence_dag' retrieved from /opt/airflow/dags/maths_operation.py
[2025-01-18T10:58:38.535+0000] {logging_mixin.py:190} INFO - [2025-01-18T10:58:38.535+0000] {dag.py:3239} INFO - Sync 1 DAGs
[2025-01-18T10:58:38.568+0000] {logging_mixin.py:190} INFO - [2025-01-18T10:58:38.568+0000] {dag.py:4180} INFO - Setting next_dagrun for math_sequence_dag to 2023-01-01 00:00:00+00:00, run_after=2023-01-01 00:00:00+00:00
[2025-01-18T10:58:38.627+0000] {processor.py:208} INFO - Processing /opt/airflow/dags/maths_operation.py took 0.161 seconds
[2025-01-18T10:59:09.862+0000] {processor.py:186} INFO - Started process (PID=120) to work on /opt/airflow/dags/maths_operation.py
[2025-01-18T10:59:09.865+0000] {processor.py:914} INFO - Processing file /opt/airflow/dags/maths_operation.py for tasks to queue
[2025-01-18T10:59:09.871+0000] {logging_mixin.py:190} INFO - [2025-01-18T10:59:09.870+0000] {dagbag.py:588} INFO - Filling up the DagBag from /opt/airflow/dags/maths_operation.py
[2025-01-18T10:59:09.939+0000] {processor.py:925} INFO - DAG(s) 'math_sequence_dag' retrieved from /opt/airflow/dags/maths_operation.py
[2025-01-18T10:59:09.983+0000] {logging_mixin.py:190} INFO - [2025-01-18T10:59:09.983+0000] {dag.py:3239} INFO - Sync 1 DAGs
[2025-01-18T10:59:10.017+0000] {logging_mixin.py:190} INFO - [2025-01-18T10:59:10.017+0000] {dag.py:4180} INFO - Setting next_dagrun for math_sequence_dag to 2023-01-01 00:00:00+00:00, run_after=2023-01-01 00:00:00+00:00
[2025-01-18T10:59:10.174+0000] {processor.py:208} INFO - Processing /opt/airflow/dags/maths_operation.py took 0.326 seconds
[2025-01-18T10:59:41.129+0000] {processor.py:186} INFO - Started process (PID=124) to work on /opt/airflow/dags/maths_operation.py
[2025-01-18T10:59:41.131+0000] {processor.py:914} INFO - Processing file /opt/airflow/dags/maths_operation.py for tasks to queue
[2025-01-18T10:59:41.134+0000] {logging_mixin.py:190} INFO - [2025-01-18T10:59:41.134+0000] {dagbag.py:588} INFO - Filling up the DagBag from /opt/airflow/dags/maths_operation.py
[2025-01-18T10:59:41.165+0000] {processor.py:925} INFO - DAG(s) 'math_sequence_dag' retrieved from /opt/airflow/dags/maths_operation.py
[2025-01-18T10:59:41.206+0000] {logging_mixin.py:190} INFO - [2025-01-18T10:59:41.206+0000] {dag.py:3239} INFO - Sync 1 DAGs
[2025-01-18T10:59:41.237+0000] {logging_mixin.py:190} INFO - [2025-01-18T10:59:41.237+0000] {dag.py:4180} INFO - Setting next_dagrun for math_sequence_dag to 2023-01-01 00:00:00+00:00, run_after=2023-01-01 00:00:00+00:00
[2025-01-18T10:59:41.390+0000] {processor.py:208} INFO - Processing /opt/airflow/dags/maths_operation.py took 0.269 seconds
[2025-01-18T11:00:12.417+0000] {processor.py:186} INFO - Started process (PID=128) to work on /opt/airflow/dags/maths_operation.py
[2025-01-18T11:00:12.419+0000] {processor.py:914} INFO - Processing file /opt/airflow/dags/maths_operation.py for tasks to queue
[2025-01-18T11:00:12.422+0000] {logging_mixin.py:190} INFO - [2025-01-18T11:00:12.421+0000] {dagbag.py:588} INFO - Filling up the DagBag from /opt/airflow/dags/maths_operation.py
[2025-01-18T11:00:12.440+0000] {processor.py:925} INFO - DAG(s) 'math_sequence_dag' retrieved from /opt/airflow/dags/maths_operation.py
[2025-01-18T11:00:12.473+0000] {logging_mixin.py:190} INFO - [2025-01-18T11:00:12.473+0000] {dag.py:3239} INFO - Sync 1 DAGs
[2025-01-18T11:00:12.501+0000] {logging_mixin.py:190} INFO - [2025-01-18T11:00:12.501+0000] {dag.py:4180} INFO - Setting next_dagrun for math_sequence_dag to 2023-01-01 00:00:00+00:00, run_after=2023-01-01 00:00:00+00:00
[2025-01-18T11:00:12.574+0000] {processor.py:208} INFO - Processing /opt/airflow/dags/maths_operation.py took 0.162 seconds
[2025-01-18T11:00:43.898+0000] {processor.py:186} INFO - Started process (PID=132) to work on /opt/airflow/dags/maths_operation.py
[2025-01-18T11:00:43.899+0000] {processor.py:914} INFO - Processing file /opt/airflow/dags/maths_operation.py for tasks to queue
[2025-01-18T11:00:43.904+0000] {logging_mixin.py:190} INFO - [2025-01-18T11:00:43.902+0000] {dagbag.py:588} INFO - Filling up the DagBag from /opt/airflow/dags/maths_operation.py
[2025-01-18T11:00:43.948+0000] {processor.py:925} INFO - DAG(s) 'math_sequence_dag' retrieved from /opt/airflow/dags/maths_operation.py
[2025-01-18T11:00:43.990+0000] {logging_mixin.py:190} INFO - [2025-01-18T11:00:43.990+0000] {dag.py:3239} INFO - Sync 1 DAGs
[2025-01-18T11:00:44.024+0000] {logging_mixin.py:190} INFO - [2025-01-18T11:00:44.024+0000] {dag.py:4180} INFO - Setting next_dagrun for math_sequence_dag to 2023-01-01 00:00:00+00:00, run_after=2023-01-01 00:00:00+00:00
[2025-01-18T11:00:44.155+0000] {processor.py:208} INFO - Processing /opt/airflow/dags/maths_operation.py took 0.262 seconds
[2025-01-18T11:01:16.073+0000] {processor.py:186} INFO - Started process (PID=136) to work on /opt/airflow/dags/maths_operation.py
[2025-01-18T11:01:16.074+0000] {processor.py:914} INFO - Processing file /opt/airflow/dags/maths_operation.py for tasks to queue
[2025-01-18T11:01:16.078+0000] {logging_mixin.py:190} INFO - [2025-01-18T11:01:16.077+0000] {dagbag.py:588} INFO - Filling up the DagBag from /opt/airflow/dags/maths_operation.py
[2025-01-18T11:01:16.106+0000] {processor.py:925} INFO - DAG(s) 'math_sequence_dag' retrieved from /opt/airflow/dags/maths_operation.py
[2025-01-18T11:01:16.152+0000] {logging_mixin.py:190} INFO - [2025-01-18T11:01:16.152+0000] {dag.py:3239} INFO - Sync 1 DAGs
[2025-01-18T11:01:16.389+0000] {logging_mixin.py:190} INFO - [2025-01-18T11:01:16.389+0000] {dag.py:4180} INFO - Setting next_dagrun for math_sequence_dag to 2023-01-01 00:00:00+00:00, run_after=2023-01-01 00:00:00+00:00
[2025-01-18T11:01:16.501+0000] {processor.py:208} INFO - Processing /opt/airflow/dags/maths_operation.py took 0.436 seconds
[2025-01-18T11:01:46.778+0000] {processor.py:186} INFO - Started process (PID=140) to work on /opt/airflow/dags/maths_operation.py
[2025-01-18T11:01:46.781+0000] {processor.py:914} INFO - Processing file /opt/airflow/dags/maths_operation.py for tasks to queue
[2025-01-18T11:01:46.785+0000] {logging_mixin.py:190} INFO - [2025-01-18T11:01:46.784+0000] {dagbag.py:588} INFO - Filling up the DagBag from /opt/airflow/dags/maths_operation.py
[2025-01-18T11:01:46.818+0000] {processor.py:925} INFO - DAG(s) 'math_sequence_dag' retrieved from /opt/airflow/dags/maths_operation.py
[2025-01-18T11:01:46.871+0000] {logging_mixin.py:190} INFO - [2025-01-18T11:01:46.870+0000] {dag.py:3239} INFO - Sync 1 DAGs
[2025-01-18T11:01:46.918+0000] {logging_mixin.py:190} INFO - [2025-01-18T11:01:46.917+0000] {dag.py:4180} INFO - Setting next_dagrun for math_sequence_dag to 2023-01-01 00:00:00+00:00, run_after=2023-01-01 00:00:00+00:00
[2025-01-18T11:01:47.017+0000] {processor.py:208} INFO - Processing /opt/airflow/dags/maths_operation.py took 0.247 seconds
[2025-01-18T11:02:17.237+0000] {processor.py:186} INFO - Started process (PID=144) to work on /opt/airflow/dags/maths_operation.py
[2025-01-18T11:02:17.239+0000] {processor.py:914} INFO - Processing file /opt/airflow/dags/maths_operation.py for tasks to queue
[2025-01-18T11:02:17.244+0000] {logging_mixin.py:190} INFO - [2025-01-18T11:02:17.243+0000] {dagbag.py:588} INFO - Filling up the DagBag from /opt/airflow/dags/maths_operation.py
[2025-01-18T11:02:17.288+0000] {processor.py:925} INFO - DAG(s) 'math_sequence_dag' retrieved from /opt/airflow/dags/maths_operation.py
[2025-01-18T11:02:17.398+0000] {logging_mixin.py:190} INFO - [2025-01-18T11:02:17.397+0000] {dag.py:3239} INFO - Sync 1 DAGs
[2025-01-18T11:02:17.480+0000] {logging_mixin.py:190} INFO - [2025-01-18T11:02:17.479+0000] {dag.py:4180} INFO - Setting next_dagrun for math_sequence_dag to 2023-01-01 00:00:00+00:00, run_after=2023-01-01 00:00:00+00:00
[2025-01-18T11:02:17.917+0000] {processor.py:208} INFO - Processing /opt/airflow/dags/maths_operation.py took 0.690 seconds
[2025-01-18T11:03:41.892+0000] {processor.py:186} INFO - Started process (PID=246) to work on /opt/airflow/dags/maths_operation.py
[2025-01-18T11:03:41.896+0000] {processor.py:914} INFO - Processing file /opt/airflow/dags/maths_operation.py for tasks to queue
[2025-01-18T11:03:41.902+0000] {logging_mixin.py:190} INFO - [2025-01-18T11:03:41.901+0000] {dagbag.py:588} INFO - Filling up the DagBag from /opt/airflow/dags/maths_operation.py
[2025-01-18T11:03:41.938+0000] {processor.py:925} INFO - DAG(s) 'math_sequence_dag' retrieved from /opt/airflow/dags/maths_operation.py
[2025-01-18T11:03:41.977+0000] {logging_mixin.py:190} INFO - [2025-01-18T11:03:41.977+0000] {dag.py:3239} INFO - Sync 1 DAGs
[2025-01-18T11:03:42.031+0000] {logging_mixin.py:190} INFO - [2025-01-18T11:03:42.031+0000] {dag.py:4180} INFO - Setting next_dagrun for math_sequence_dag to 2023-01-01 00:00:00+00:00, run_after=2023-01-01 00:00:00+00:00
[2025-01-18T11:03:42.209+0000] {processor.py:208} INFO - Processing /opt/airflow/dags/maths_operation.py took 0.332 seconds
[2025-01-18T11:04:31.782+0000] {processor.py:186} INFO - Started process (PID=327) to work on /opt/airflow/dags/maths_operation.py
[2025-01-18T11:04:31.784+0000] {processor.py:914} INFO - Processing file /opt/airflow/dags/maths_operation.py for tasks to queue
[2025-01-18T11:04:31.792+0000] {logging_mixin.py:190} INFO - [2025-01-18T11:04:31.790+0000] {dagbag.py:588} INFO - Filling up the DagBag from /opt/airflow/dags/maths_operation.py
[2025-01-18T11:04:31.829+0000] {processor.py:925} INFO - DAG(s) 'math_sequence_dag' retrieved from /opt/airflow/dags/maths_operation.py
[2025-01-18T11:04:31.952+0000] {logging_mixin.py:190} INFO - [2025-01-18T11:04:31.950+0000] {dag.py:3239} INFO - Sync 1 DAGs
[2025-01-18T11:04:32.063+0000] {logging_mixin.py:190} INFO - [2025-01-18T11:04:32.062+0000] {dag.py:4180} INFO - Setting next_dagrun for math_sequence_dag to 2023-01-01 00:00:00+00:00, run_after=2023-01-01 00:00:00+00:00
[2025-01-18T11:04:32.234+0000] {processor.py:208} INFO - Processing /opt/airflow/dags/maths_operation.py took 0.462 seconds
[2025-01-18T11:05:30.556+0000] {processor.py:186} INFO - Started process (PID=419) to work on /opt/airflow/dags/maths_operation.py
[2025-01-18T11:05:30.559+0000] {processor.py:914} INFO - Processing file /opt/airflow/dags/maths_operation.py for tasks to queue
[2025-01-18T11:05:30.564+0000] {logging_mixin.py:190} INFO - [2025-01-18T11:05:30.564+0000] {dagbag.py:588} INFO - Filling up the DagBag from /opt/airflow/dags/maths_operation.py
[2025-01-18T11:05:30.622+0000] {processor.py:925} INFO - DAG(s) 'math_sequence_dag' retrieved from /opt/airflow/dags/maths_operation.py
[2025-01-18T11:05:30.687+0000] {logging_mixin.py:190} INFO - [2025-01-18T11:05:30.686+0000] {dag.py:3239} INFO - Sync 1 DAGs
[2025-01-18T11:05:30.734+0000] {logging_mixin.py:190} INFO - [2025-01-18T11:05:30.733+0000] {dag.py:4180} INFO - Setting next_dagrun for math_sequence_dag to 2023-01-01 00:00:00+00:00, run_after=2023-01-01 00:00:00+00:00
[2025-01-18T11:05:30.872+0000] {processor.py:208} INFO - Processing /opt/airflow/dags/maths_operation.py took 0.329 seconds
[2025-01-18T11:06:16.229+0000] {processor.py:186} INFO - Started process (PID=500) to work on /opt/airflow/dags/maths_operation.py
[2025-01-18T11:06:16.230+0000] {processor.py:914} INFO - Processing file /opt/airflow/dags/maths_operation.py for tasks to queue
[2025-01-18T11:06:16.233+0000] {logging_mixin.py:190} INFO - [2025-01-18T11:06:16.232+0000] {dagbag.py:588} INFO - Filling up the DagBag from /opt/airflow/dags/maths_operation.py
[2025-01-18T11:06:16.262+0000] {processor.py:925} INFO - DAG(s) 'math_sequence_dag' retrieved from /opt/airflow/dags/maths_operation.py
[2025-01-18T11:06:16.313+0000] {logging_mixin.py:190} INFO - [2025-01-18T11:06:16.313+0000] {dag.py:3239} INFO - Sync 1 DAGs
[2025-01-18T11:06:16.359+0000] {logging_mixin.py:190} INFO - [2025-01-18T11:06:16.358+0000] {dag.py:4180} INFO - Setting next_dagrun for math_sequence_dag to 2023-01-01 00:00:00+00:00, run_after=2023-01-01 00:00:00+00:00
[2025-01-18T11:06:16.512+0000] {processor.py:208} INFO - Processing /opt/airflow/dags/maths_operation.py took 0.290 seconds
[2025-01-18T11:07:05.794+0000] {processor.py:186} INFO - Started process (PID=592) to work on /opt/airflow/dags/maths_operation.py
[2025-01-18T11:07:05.795+0000] {processor.py:914} INFO - Processing file /opt/airflow/dags/maths_operation.py for tasks to queue
[2025-01-18T11:07:05.798+0000] {logging_mixin.py:190} INFO - [2025-01-18T11:07:05.798+0000] {dagbag.py:588} INFO - Filling up the DagBag from /opt/airflow/dags/maths_operation.py
[2025-01-18T11:07:05.823+0000] {processor.py:925} INFO - DAG(s) 'math_sequence_dag' retrieved from /opt/airflow/dags/maths_operation.py
[2025-01-18T11:07:05.863+0000] {logging_mixin.py:190} INFO - [2025-01-18T11:07:05.862+0000] {dag.py:3239} INFO - Sync 1 DAGs
[2025-01-18T11:07:05.896+0000] {logging_mixin.py:190} INFO - [2025-01-18T11:07:05.896+0000] {dag.py:4180} INFO - Setting next_dagrun for math_sequence_dag to 2023-01-01 00:00:00+00:00, run_after=2023-01-01 00:00:00+00:00
[2025-01-18T11:07:06.034+0000] {processor.py:208} INFO - Processing /opt/airflow/dags/maths_operation.py took 0.246 seconds
[2025-01-18T11:08:02.503+0000] {processor.py:186} INFO - Started process (PID=696) to work on /opt/airflow/dags/maths_operation.py
[2025-01-18T11:08:02.508+0000] {processor.py:914} INFO - Processing file /opt/airflow/dags/maths_operation.py for tasks to queue
[2025-01-18T11:08:02.514+0000] {logging_mixin.py:190} INFO - [2025-01-18T11:08:02.513+0000] {dagbag.py:588} INFO - Filling up the DagBag from /opt/airflow/dags/maths_operation.py
[2025-01-18T11:08:02.562+0000] {processor.py:925} INFO - DAG(s) 'math_sequence_dag' retrieved from /opt/airflow/dags/maths_operation.py
[2025-01-18T11:08:02.629+0000] {logging_mixin.py:190} INFO - [2025-01-18T11:08:02.629+0000] {dag.py:3239} INFO - Sync 1 DAGs
[2025-01-18T11:08:02.669+0000] {logging_mixin.py:190} INFO - [2025-01-18T11:08:02.669+0000] {dag.py:4180} INFO - Setting next_dagrun for math_sequence_dag to 2023-01-01 00:00:00+00:00, run_after=2023-01-01 00:00:00+00:00
[2025-01-18T11:08:02.821+0000] {processor.py:208} INFO - Processing /opt/airflow/dags/maths_operation.py took 0.332 seconds
[2025-01-18T11:09:01.677+0000] {processor.py:186} INFO - Started process (PID=799) to work on /opt/airflow/dags/maths_operation.py
[2025-01-18T11:09:01.679+0000] {processor.py:914} INFO - Processing file /opt/airflow/dags/maths_operation.py for tasks to queue
[2025-01-18T11:09:01.685+0000] {logging_mixin.py:190} INFO - [2025-01-18T11:09:01.684+0000] {dagbag.py:588} INFO - Filling up the DagBag from /opt/airflow/dags/maths_operation.py
[2025-01-18T11:09:01.709+0000] {processor.py:925} INFO - DAG(s) 'math_sequence_dag' retrieved from /opt/airflow/dags/maths_operation.py
[2025-01-18T11:09:01.759+0000] {logging_mixin.py:190} INFO - [2025-01-18T11:09:01.759+0000] {dag.py:3239} INFO - Sync 1 DAGs
[2025-01-18T11:09:01.805+0000] {logging_mixin.py:190} INFO - [2025-01-18T11:09:01.804+0000] {dag.py:4180} INFO - Setting next_dagrun for math_sequence_dag to 2023-01-01 00:00:00+00:00, run_after=2023-01-01 00:00:00+00:00
[2025-01-18T11:09:01.939+0000] {processor.py:208} INFO - Processing /opt/airflow/dags/maths_operation.py took 0.268 seconds
[2025-01-18T11:09:35.991+0000] {processor.py:186} INFO - Started process (PID=858) to work on /opt/airflow/dags/maths_operation.py
[2025-01-18T11:09:35.993+0000] {processor.py:914} INFO - Processing file /opt/airflow/dags/maths_operation.py for tasks to queue
[2025-01-18T11:09:35.999+0000] {logging_mixin.py:190} INFO - [2025-01-18T11:09:35.998+0000] {dagbag.py:588} INFO - Filling up the DagBag from /opt/airflow/dags/maths_operation.py
[2025-01-18T11:09:36.051+0000] {processor.py:925} INFO - DAG(s) 'math_sequence_dag' retrieved from /opt/airflow/dags/maths_operation.py
[2025-01-18T11:09:36.120+0000] {logging_mixin.py:190} INFO - [2025-01-18T11:09:36.120+0000] {dag.py:3239} INFO - Sync 1 DAGs
[2025-01-18T11:09:36.166+0000] {logging_mixin.py:190} INFO - [2025-01-18T11:09:36.165+0000] {dag.py:4180} INFO - Setting next_dagrun for math_sequence_dag to 2023-01-01 00:00:00+00:00, run_after=2023-01-01 00:00:00+00:00
[2025-01-18T11:09:36.323+0000] {processor.py:208} INFO - Processing /opt/airflow/dags/maths_operation.py took 0.345 seconds
[2025-01-18T11:11:05.197+0000] {processor.py:186} INFO - Started process (PID=1018) to work on /opt/airflow/dags/maths_operation.py
[2025-01-18T11:11:05.198+0000] {processor.py:914} INFO - Processing file /opt/airflow/dags/maths_operation.py for tasks to queue
[2025-01-18T11:11:05.201+0000] {logging_mixin.py:190} INFO - [2025-01-18T11:11:05.201+0000] {dagbag.py:588} INFO - Filling up the DagBag from /opt/airflow/dags/maths_operation.py
[2025-01-18T11:11:05.231+0000] {processor.py:925} INFO - DAG(s) 'math_sequence_dag' retrieved from /opt/airflow/dags/maths_operation.py
[2025-01-18T11:11:05.314+0000] {logging_mixin.py:190} INFO - [2025-01-18T11:11:05.314+0000] {dag.py:3239} INFO - Sync 1 DAGs
[2025-01-18T11:11:05.356+0000] {logging_mixin.py:190} INFO - [2025-01-18T11:11:05.356+0000] {dag.py:4180} INFO - Setting next_dagrun for math_sequence_dag to 2023-01-01 00:00:00+00:00, run_after=2023-01-01 00:00:00+00:00
[2025-01-18T11:11:05.465+0000] {processor.py:208} INFO - Processing /opt/airflow/dags/maths_operation.py took 0.275 seconds
[2025-01-18T11:11:37.877+0000] {processor.py:186} INFO - Started process (PID=1077) to work on /opt/airflow/dags/maths_operation.py
[2025-01-18T11:11:37.880+0000] {processor.py:914} INFO - Processing file /opt/airflow/dags/maths_operation.py for tasks to queue
[2025-01-18T11:11:37.886+0000] {logging_mixin.py:190} INFO - [2025-01-18T11:11:37.885+0000] {dagbag.py:588} INFO - Filling up the DagBag from /opt/airflow/dags/maths_operation.py
[2025-01-18T11:11:37.959+0000] {processor.py:925} INFO - DAG(s) 'math_sequence_dag' retrieved from /opt/airflow/dags/maths_operation.py
[2025-01-18T11:11:38.015+0000] {logging_mixin.py:190} INFO - [2025-01-18T11:11:38.014+0000] {dag.py:3239} INFO - Sync 1 DAGs
[2025-01-18T11:11:38.098+0000] {logging_mixin.py:190} INFO - [2025-01-18T11:11:38.097+0000] {dag.py:4180} INFO - Setting next_dagrun for math_sequence_dag to 2023-01-01 00:00:00+00:00, run_after=2023-01-01 00:00:00+00:00
[2025-01-18T11:11:38.250+0000] {processor.py:208} INFO - Processing /opt/airflow/dags/maths_operation.py took 0.388 seconds
