[2025-01-18T10:53:54.490+0000] {processor.py:186} INFO - Started process (PID=79) to work on /opt/airflow/dags/mlpipeline.py
[2025-01-18T10:53:54.492+0000] {processor.py:914} INFO - Processing file /opt/airflow/dags/mlpipeline.py for tasks to queue
[2025-01-18T10:53:54.495+0000] {logging_mixin.py:190} INFO - [2025-01-18T10:53:54.495+0000] {dagbag.py:588} INFO - Filling up the DagBag from /opt/airflow/dags/mlpipeline.py
[2025-01-18T10:53:54.560+0000] {processor.py:925} INFO - DAG(s) 'ml_pipeline' retrieved from /opt/airflow/dags/mlpipeline.py
[2025-01-18T10:53:55.024+0000] {logging_mixin.py:190} INFO - [2025-01-18T10:53:55.021+0000] {override.py:1911} INFO - Created Permission View: can read on DAG:ml_pipeline
[2025-01-18T10:53:55.150+0000] {logging_mixin.py:190} INFO - [2025-01-18T10:53:55.149+0000] {override.py:1911} INFO - Created Permission View: can delete on DAG:ml_pipeline
[2025-01-18T10:53:55.218+0000] {logging_mixin.py:190} INFO - [2025-01-18T10:53:55.217+0000] {override.py:1911} INFO - Created Permission View: can edit on DAG:ml_pipeline
[2025-01-18T10:53:55.349+0000] {logging_mixin.py:190} INFO - [2025-01-18T10:53:55.348+0000] {override.py:1911} INFO - Created Permission View: can read on DAG Run:ml_pipeline
[2025-01-18T10:53:55.419+0000] {logging_mixin.py:190} INFO - [2025-01-18T10:53:55.419+0000] {override.py:1911} INFO - Created Permission View: menu access on DAG Run:ml_pipeline
[2025-01-18T10:53:55.471+0000] {logging_mixin.py:190} INFO - [2025-01-18T10:53:55.470+0000] {override.py:1911} INFO - Created Permission View: can create on DAG Run:ml_pipeline
[2025-01-18T10:53:55.519+0000] {logging_mixin.py:190} INFO - [2025-01-18T10:53:55.518+0000] {override.py:1911} INFO - Created Permission View: can delete on DAG Run:ml_pipeline
[2025-01-18T10:53:55.521+0000] {logging_mixin.py:190} INFO - [2025-01-18T10:53:55.520+0000] {dag.py:3239} INFO - Sync 1 DAGs
[2025-01-18T10:53:55.553+0000] {logging_mixin.py:190} INFO - [2025-01-18T10:53:55.553+0000] {dag.py:3262} INFO - Creating ORM DAG for ml_pipeline
[2025-01-18T10:53:55.592+0000] {logging_mixin.py:190} INFO - [2025-01-18T10:53:55.592+0000] {dag.py:4180} INFO - Setting next_dagrun for ml_pipeline to 2024-01-07 00:00:00+00:00, run_after=2024-01-14 00:00:00+00:00
[2025-01-18T10:53:55.717+0000] {processor.py:208} INFO - Processing /opt/airflow/dags/mlpipeline.py took 1.234 seconds
[2025-01-18T10:54:26.244+0000] {processor.py:186} INFO - Started process (PID=83) to work on /opt/airflow/dags/mlpipeline.py
[2025-01-18T10:54:26.246+0000] {processor.py:914} INFO - Processing file /opt/airflow/dags/mlpipeline.py for tasks to queue
[2025-01-18T10:54:26.249+0000] {logging_mixin.py:190} INFO - [2025-01-18T10:54:26.249+0000] {dagbag.py:588} INFO - Filling up the DagBag from /opt/airflow/dags/mlpipeline.py
[2025-01-18T10:54:26.276+0000] {processor.py:925} INFO - DAG(s) 'ml_pipeline' retrieved from /opt/airflow/dags/mlpipeline.py
[2025-01-18T10:54:26.314+0000] {logging_mixin.py:190} INFO - [2025-01-18T10:54:26.313+0000] {dag.py:3239} INFO - Sync 1 DAGs
[2025-01-18T10:54:26.355+0000] {logging_mixin.py:190} INFO - [2025-01-18T10:54:26.354+0000] {dag.py:4180} INFO - Setting next_dagrun for ml_pipeline to 2024-01-07 00:00:00+00:00, run_after=2024-01-14 00:00:00+00:00
[2025-01-18T10:54:26.423+0000] {processor.py:208} INFO - Processing /opt/airflow/dags/mlpipeline.py took 0.185 seconds
[2025-01-18T10:54:57.329+0000] {processor.py:186} INFO - Started process (PID=87) to work on /opt/airflow/dags/mlpipeline.py
[2025-01-18T10:54:57.330+0000] {processor.py:914} INFO - Processing file /opt/airflow/dags/mlpipeline.py for tasks to queue
[2025-01-18T10:54:57.333+0000] {logging_mixin.py:190} INFO - [2025-01-18T10:54:57.332+0000] {dagbag.py:588} INFO - Filling up the DagBag from /opt/airflow/dags/mlpipeline.py
[2025-01-18T10:54:57.354+0000] {processor.py:925} INFO - DAG(s) 'ml_pipeline' retrieved from /opt/airflow/dags/mlpipeline.py
[2025-01-18T10:54:57.406+0000] {logging_mixin.py:190} INFO - [2025-01-18T10:54:57.406+0000] {dag.py:3239} INFO - Sync 1 DAGs
[2025-01-18T10:54:57.435+0000] {logging_mixin.py:190} INFO - [2025-01-18T10:54:57.435+0000] {dag.py:4180} INFO - Setting next_dagrun for ml_pipeline to 2024-01-07 00:00:00+00:00, run_after=2024-01-14 00:00:00+00:00
[2025-01-18T10:54:57.495+0000] {processor.py:208} INFO - Processing /opt/airflow/dags/mlpipeline.py took 0.171 seconds
[2025-01-18T10:55:28.235+0000] {processor.py:186} INFO - Started process (PID=91) to work on /opt/airflow/dags/mlpipeline.py
[2025-01-18T10:55:28.237+0000] {processor.py:914} INFO - Processing file /opt/airflow/dags/mlpipeline.py for tasks to queue
[2025-01-18T10:55:28.244+0000] {logging_mixin.py:190} INFO - [2025-01-18T10:55:28.243+0000] {dagbag.py:588} INFO - Filling up the DagBag from /opt/airflow/dags/mlpipeline.py
[2025-01-18T10:55:28.305+0000] {processor.py:925} INFO - DAG(s) 'ml_pipeline' retrieved from /opt/airflow/dags/mlpipeline.py
[2025-01-18T10:55:28.365+0000] {logging_mixin.py:190} INFO - [2025-01-18T10:55:28.364+0000] {dag.py:3239} INFO - Sync 1 DAGs
[2025-01-18T10:55:28.421+0000] {logging_mixin.py:190} INFO - [2025-01-18T10:55:28.421+0000] {dag.py:4180} INFO - Setting next_dagrun for ml_pipeline to 2024-01-07 00:00:00+00:00, run_after=2024-01-14 00:00:00+00:00
[2025-01-18T10:55:28.524+0000] {processor.py:208} INFO - Processing /opt/airflow/dags/mlpipeline.py took 0.295 seconds
[2025-01-18T10:55:59.721+0000] {processor.py:186} INFO - Started process (PID=95) to work on /opt/airflow/dags/mlpipeline.py
[2025-01-18T10:55:59.781+0000] {processor.py:914} INFO - Processing file /opt/airflow/dags/mlpipeline.py for tasks to queue
[2025-01-18T10:55:59.788+0000] {logging_mixin.py:190} INFO - [2025-01-18T10:55:59.786+0000] {dagbag.py:588} INFO - Filling up the DagBag from /opt/airflow/dags/mlpipeline.py
[2025-01-18T10:55:59.906+0000] {processor.py:925} INFO - DAG(s) 'ml_pipeline' retrieved from /opt/airflow/dags/mlpipeline.py
[2025-01-18T10:56:00.041+0000] {logging_mixin.py:190} INFO - [2025-01-18T10:56:00.040+0000] {dag.py:3239} INFO - Sync 1 DAGs
[2025-01-18T10:56:00.324+0000] {logging_mixin.py:190} INFO - [2025-01-18T10:56:00.323+0000] {dag.py:4180} INFO - Setting next_dagrun for ml_pipeline to 2024-01-07 00:00:00+00:00, run_after=2024-01-14 00:00:00+00:00
[2025-01-18T10:56:01.071+0000] {processor.py:208} INFO - Processing /opt/airflow/dags/mlpipeline.py took 1.359 seconds
[2025-01-18T10:56:31.571+0000] {processor.py:186} INFO - Started process (PID=99) to work on /opt/airflow/dags/mlpipeline.py
[2025-01-18T10:56:31.573+0000] {processor.py:914} INFO - Processing file /opt/airflow/dags/mlpipeline.py for tasks to queue
[2025-01-18T10:56:31.576+0000] {logging_mixin.py:190} INFO - [2025-01-18T10:56:31.575+0000] {dagbag.py:588} INFO - Filling up the DagBag from /opt/airflow/dags/mlpipeline.py
[2025-01-18T10:56:31.602+0000] {processor.py:925} INFO - DAG(s) 'ml_pipeline' retrieved from /opt/airflow/dags/mlpipeline.py
[2025-01-18T10:56:31.636+0000] {logging_mixin.py:190} INFO - [2025-01-18T10:56:31.636+0000] {dag.py:3239} INFO - Sync 1 DAGs
[2025-01-18T10:56:31.665+0000] {logging_mixin.py:190} INFO - [2025-01-18T10:56:31.665+0000] {dag.py:4180} INFO - Setting next_dagrun for ml_pipeline to 2024-01-07 00:00:00+00:00, run_after=2024-01-14 00:00:00+00:00
[2025-01-18T10:56:31.779+0000] {processor.py:208} INFO - Processing /opt/airflow/dags/mlpipeline.py took 0.217 seconds
[2025-01-18T10:57:02.417+0000] {processor.py:186} INFO - Started process (PID=103) to work on /opt/airflow/dags/mlpipeline.py
[2025-01-18T10:57:02.419+0000] {processor.py:914} INFO - Processing file /opt/airflow/dags/mlpipeline.py for tasks to queue
[2025-01-18T10:57:02.426+0000] {logging_mixin.py:190} INFO - [2025-01-18T10:57:02.425+0000] {dagbag.py:588} INFO - Filling up the DagBag from /opt/airflow/dags/mlpipeline.py
[2025-01-18T10:57:02.465+0000] {processor.py:925} INFO - DAG(s) 'ml_pipeline' retrieved from /opt/airflow/dags/mlpipeline.py
[2025-01-18T10:57:02.509+0000] {logging_mixin.py:190} INFO - [2025-01-18T10:57:02.509+0000] {dag.py:3239} INFO - Sync 1 DAGs
[2025-01-18T10:57:02.544+0000] {logging_mixin.py:190} INFO - [2025-01-18T10:57:02.544+0000] {dag.py:4180} INFO - Setting next_dagrun for ml_pipeline to 2024-01-07 00:00:00+00:00, run_after=2024-01-14 00:00:00+00:00
[2025-01-18T10:57:02.729+0000] {processor.py:208} INFO - Processing /opt/airflow/dags/mlpipeline.py took 0.321 seconds
[2025-01-18T10:57:33.525+0000] {processor.py:186} INFO - Started process (PID=107) to work on /opt/airflow/dags/mlpipeline.py
[2025-01-18T10:57:33.526+0000] {processor.py:914} INFO - Processing file /opt/airflow/dags/mlpipeline.py for tasks to queue
[2025-01-18T10:57:33.529+0000] {logging_mixin.py:190} INFO - [2025-01-18T10:57:33.528+0000] {dagbag.py:588} INFO - Filling up the DagBag from /opt/airflow/dags/mlpipeline.py
[2025-01-18T10:57:33.555+0000] {processor.py:925} INFO - DAG(s) 'ml_pipeline' retrieved from /opt/airflow/dags/mlpipeline.py
[2025-01-18T10:57:33.599+0000] {logging_mixin.py:190} INFO - [2025-01-18T10:57:33.599+0000] {dag.py:3239} INFO - Sync 1 DAGs
[2025-01-18T10:57:33.629+0000] {logging_mixin.py:190} INFO - [2025-01-18T10:57:33.629+0000] {dag.py:4180} INFO - Setting next_dagrun for ml_pipeline to 2024-01-07 00:00:00+00:00, run_after=2024-01-14 00:00:00+00:00
[2025-01-18T10:57:33.784+0000] {processor.py:208} INFO - Processing /opt/airflow/dags/mlpipeline.py took 0.266 seconds
[2025-01-18T10:58:04.608+0000] {processor.py:186} INFO - Started process (PID=111) to work on /opt/airflow/dags/mlpipeline.py
[2025-01-18T10:58:04.610+0000] {processor.py:914} INFO - Processing file /opt/airflow/dags/mlpipeline.py for tasks to queue
[2025-01-18T10:58:04.614+0000] {logging_mixin.py:190} INFO - [2025-01-18T10:58:04.614+0000] {dagbag.py:588} INFO - Filling up the DagBag from /opt/airflow/dags/mlpipeline.py
[2025-01-18T10:58:04.671+0000] {processor.py:925} INFO - DAG(s) 'ml_pipeline' retrieved from /opt/airflow/dags/mlpipeline.py
[2025-01-18T10:58:04.778+0000] {logging_mixin.py:190} INFO - [2025-01-18T10:58:04.778+0000] {dag.py:3239} INFO - Sync 1 DAGs
[2025-01-18T10:58:04.821+0000] {logging_mixin.py:190} INFO - [2025-01-18T10:58:04.821+0000] {dag.py:4180} INFO - Setting next_dagrun for ml_pipeline to 2024-01-07 00:00:00+00:00, run_after=2024-01-14 00:00:00+00:00
[2025-01-18T10:58:04.966+0000] {processor.py:208} INFO - Processing /opt/airflow/dags/mlpipeline.py took 0.368 seconds
[2025-01-18T10:58:35.722+0000] {processor.py:186} INFO - Started process (PID=115) to work on /opt/airflow/dags/mlpipeline.py
[2025-01-18T10:58:35.726+0000] {processor.py:914} INFO - Processing file /opt/airflow/dags/mlpipeline.py for tasks to queue
[2025-01-18T10:58:35.729+0000] {logging_mixin.py:190} INFO - [2025-01-18T10:58:35.729+0000] {dagbag.py:588} INFO - Filling up the DagBag from /opt/airflow/dags/mlpipeline.py
[2025-01-18T10:58:35.759+0000] {processor.py:925} INFO - DAG(s) 'ml_pipeline' retrieved from /opt/airflow/dags/mlpipeline.py
[2025-01-18T10:58:35.824+0000] {logging_mixin.py:190} INFO - [2025-01-18T10:58:35.824+0000] {dag.py:3239} INFO - Sync 1 DAGs
[2025-01-18T10:58:35.883+0000] {logging_mixin.py:190} INFO - [2025-01-18T10:58:35.883+0000] {dag.py:4180} INFO - Setting next_dagrun for ml_pipeline to 2024-01-07 00:00:00+00:00, run_after=2024-01-14 00:00:00+00:00
[2025-01-18T10:58:36.054+0000] {processor.py:208} INFO - Processing /opt/airflow/dags/mlpipeline.py took 0.342 seconds
[2025-01-18T10:59:06.983+0000] {processor.py:186} INFO - Started process (PID=119) to work on /opt/airflow/dags/mlpipeline.py
[2025-01-18T10:59:06.985+0000] {processor.py:914} INFO - Processing file /opt/airflow/dags/mlpipeline.py for tasks to queue
[2025-01-18T10:59:06.991+0000] {logging_mixin.py:190} INFO - [2025-01-18T10:59:06.990+0000] {dagbag.py:588} INFO - Filling up the DagBag from /opt/airflow/dags/mlpipeline.py
[2025-01-18T10:59:07.044+0000] {processor.py:925} INFO - DAG(s) 'ml_pipeline' retrieved from /opt/airflow/dags/mlpipeline.py
[2025-01-18T10:59:07.095+0000] {logging_mixin.py:190} INFO - [2025-01-18T10:59:07.095+0000] {dag.py:3239} INFO - Sync 1 DAGs
[2025-01-18T10:59:07.133+0000] {logging_mixin.py:190} INFO - [2025-01-18T10:59:07.133+0000] {dag.py:4180} INFO - Setting next_dagrun for ml_pipeline to 2024-01-07 00:00:00+00:00, run_after=2024-01-14 00:00:00+00:00
[2025-01-18T10:59:07.304+0000] {processor.py:208} INFO - Processing /opt/airflow/dags/mlpipeline.py took 0.333 seconds
[2025-01-18T10:59:38.236+0000] {processor.py:186} INFO - Started process (PID=123) to work on /opt/airflow/dags/mlpipeline.py
[2025-01-18T10:59:38.238+0000] {processor.py:914} INFO - Processing file /opt/airflow/dags/mlpipeline.py for tasks to queue
[2025-01-18T10:59:38.243+0000] {logging_mixin.py:190} INFO - [2025-01-18T10:59:38.243+0000] {dagbag.py:588} INFO - Filling up the DagBag from /opt/airflow/dags/mlpipeline.py
[2025-01-18T10:59:38.273+0000] {processor.py:925} INFO - DAG(s) 'ml_pipeline' retrieved from /opt/airflow/dags/mlpipeline.py
[2025-01-18T10:59:38.306+0000] {logging_mixin.py:190} INFO - [2025-01-18T10:59:38.305+0000] {dag.py:3239} INFO - Sync 1 DAGs
[2025-01-18T10:59:38.336+0000] {logging_mixin.py:190} INFO - [2025-01-18T10:59:38.336+0000] {dag.py:4180} INFO - Setting next_dagrun for ml_pipeline to 2024-01-07 00:00:00+00:00, run_after=2024-01-14 00:00:00+00:00
[2025-01-18T10:59:38.453+0000] {processor.py:208} INFO - Processing /opt/airflow/dags/mlpipeline.py took 0.232 seconds
[2025-01-18T11:00:09.245+0000] {processor.py:186} INFO - Started process (PID=127) to work on /opt/airflow/dags/mlpipeline.py
[2025-01-18T11:00:09.246+0000] {processor.py:914} INFO - Processing file /opt/airflow/dags/mlpipeline.py for tasks to queue
[2025-01-18T11:00:09.249+0000] {logging_mixin.py:190} INFO - [2025-01-18T11:00:09.249+0000] {dagbag.py:588} INFO - Filling up the DagBag from /opt/airflow/dags/mlpipeline.py
[2025-01-18T11:00:09.272+0000] {processor.py:925} INFO - DAG(s) 'ml_pipeline' retrieved from /opt/airflow/dags/mlpipeline.py
[2025-01-18T11:00:09.313+0000] {logging_mixin.py:190} INFO - [2025-01-18T11:00:09.313+0000] {dag.py:3239} INFO - Sync 1 DAGs
[2025-01-18T11:00:09.344+0000] {logging_mixin.py:190} INFO - [2025-01-18T11:00:09.344+0000] {dag.py:4180} INFO - Setting next_dagrun for ml_pipeline to 2024-01-07 00:00:00+00:00, run_after=2024-01-14 00:00:00+00:00
[2025-01-18T11:00:09.419+0000] {processor.py:208} INFO - Processing /opt/airflow/dags/mlpipeline.py took 0.179 seconds
[2025-01-18T11:00:39.810+0000] {processor.py:186} INFO - Started process (PID=131) to work on /opt/airflow/dags/mlpipeline.py
[2025-01-18T11:00:39.811+0000] {processor.py:914} INFO - Processing file /opt/airflow/dags/mlpipeline.py for tasks to queue
[2025-01-18T11:00:39.814+0000] {logging_mixin.py:190} INFO - [2025-01-18T11:00:39.814+0000] {dagbag.py:588} INFO - Filling up the DagBag from /opt/airflow/dags/mlpipeline.py
[2025-01-18T11:00:39.839+0000] {processor.py:925} INFO - DAG(s) 'ml_pipeline' retrieved from /opt/airflow/dags/mlpipeline.py
[2025-01-18T11:00:39.907+0000] {logging_mixin.py:190} INFO - [2025-01-18T11:00:39.907+0000] {dag.py:3239} INFO - Sync 1 DAGs
[2025-01-18T11:00:39.971+0000] {logging_mixin.py:190} INFO - [2025-01-18T11:00:39.971+0000] {dag.py:4180} INFO - Setting next_dagrun for ml_pipeline to 2024-01-07 00:00:00+00:00, run_after=2024-01-14 00:00:00+00:00
[2025-01-18T11:00:40.122+0000] {processor.py:208} INFO - Processing /opt/airflow/dags/mlpipeline.py took 0.317 seconds
[2025-01-18T11:01:10.796+0000] {processor.py:186} INFO - Started process (PID=135) to work on /opt/airflow/dags/mlpipeline.py
[2025-01-18T11:01:10.797+0000] {processor.py:914} INFO - Processing file /opt/airflow/dags/mlpipeline.py for tasks to queue
[2025-01-18T11:01:10.801+0000] {logging_mixin.py:190} INFO - [2025-01-18T11:01:10.800+0000] {dagbag.py:588} INFO - Filling up the DagBag from /opt/airflow/dags/mlpipeline.py
[2025-01-18T11:01:10.829+0000] {processor.py:925} INFO - DAG(s) 'ml_pipeline' retrieved from /opt/airflow/dags/mlpipeline.py
[2025-01-18T11:01:10.869+0000] {logging_mixin.py:190} INFO - [2025-01-18T11:01:10.868+0000] {dag.py:3239} INFO - Sync 1 DAGs
[2025-01-18T11:01:10.907+0000] {logging_mixin.py:190} INFO - [2025-01-18T11:01:10.907+0000] {dag.py:4180} INFO - Setting next_dagrun for ml_pipeline to 2024-01-07 00:00:00+00:00, run_after=2024-01-14 00:00:00+00:00
[2025-01-18T11:01:11.060+0000] {processor.py:208} INFO - Processing /opt/airflow/dags/mlpipeline.py took 0.271 seconds
[2025-01-18T11:01:41.552+0000] {processor.py:186} INFO - Started process (PID=139) to work on /opt/airflow/dags/mlpipeline.py
[2025-01-18T11:01:41.554+0000] {processor.py:914} INFO - Processing file /opt/airflow/dags/mlpipeline.py for tasks to queue
[2025-01-18T11:01:41.557+0000] {logging_mixin.py:190} INFO - [2025-01-18T11:01:41.556+0000] {dagbag.py:588} INFO - Filling up the DagBag from /opt/airflow/dags/mlpipeline.py
[2025-01-18T11:01:41.587+0000] {processor.py:925} INFO - DAG(s) 'ml_pipeline' retrieved from /opt/airflow/dags/mlpipeline.py
[2025-01-18T11:01:41.625+0000] {logging_mixin.py:190} INFO - [2025-01-18T11:01:41.625+0000] {dag.py:3239} INFO - Sync 1 DAGs
[2025-01-18T11:01:41.670+0000] {logging_mixin.py:190} INFO - [2025-01-18T11:01:41.670+0000] {dag.py:4180} INFO - Setting next_dagrun for ml_pipeline to 2024-01-07 00:00:00+00:00, run_after=2024-01-14 00:00:00+00:00
[2025-01-18T11:01:41.742+0000] {processor.py:208} INFO - Processing /opt/airflow/dags/mlpipeline.py took 0.196 seconds
[2025-01-18T11:02:11.954+0000] {processor.py:186} INFO - Started process (PID=143) to work on /opt/airflow/dags/mlpipeline.py
[2025-01-18T11:02:11.959+0000] {processor.py:914} INFO - Processing file /opt/airflow/dags/mlpipeline.py for tasks to queue
[2025-01-18T11:02:11.964+0000] {logging_mixin.py:190} INFO - [2025-01-18T11:02:11.963+0000] {dagbag.py:588} INFO - Filling up the DagBag from /opt/airflow/dags/mlpipeline.py
[2025-01-18T11:02:12.017+0000] {processor.py:925} INFO - DAG(s) 'ml_pipeline' retrieved from /opt/airflow/dags/mlpipeline.py
[2025-01-18T11:02:12.095+0000] {logging_mixin.py:190} INFO - [2025-01-18T11:02:12.095+0000] {dag.py:3239} INFO - Sync 1 DAGs
[2025-01-18T11:02:12.157+0000] {logging_mixin.py:190} INFO - [2025-01-18T11:02:12.156+0000] {dag.py:4180} INFO - Setting next_dagrun for ml_pipeline to 2024-01-07 00:00:00+00:00, run_after=2024-01-14 00:00:00+00:00
[2025-01-18T11:02:12.335+0000] {processor.py:208} INFO - Processing /opt/airflow/dags/mlpipeline.py took 0.395 seconds
[2025-01-18T11:03:15.499+0000] {processor.py:186} INFO - Started process (PID=201) to work on /opt/airflow/dags/mlpipeline.py
[2025-01-18T11:03:15.501+0000] {processor.py:914} INFO - Processing file /opt/airflow/dags/mlpipeline.py for tasks to queue
[2025-01-18T11:03:15.506+0000] {logging_mixin.py:190} INFO - [2025-01-18T11:03:15.505+0000] {dagbag.py:588} INFO - Filling up the DagBag from /opt/airflow/dags/mlpipeline.py
[2025-01-18T11:03:15.555+0000] {processor.py:925} INFO - DAG(s) 'ml_pipeline' retrieved from /opt/airflow/dags/mlpipeline.py
[2025-01-18T11:03:15.627+0000] {logging_mixin.py:190} INFO - [2025-01-18T11:03:15.626+0000] {dag.py:3239} INFO - Sync 1 DAGs
[2025-01-18T11:03:15.701+0000] {logging_mixin.py:190} INFO - [2025-01-18T11:03:15.701+0000] {dag.py:4180} INFO - Setting next_dagrun for ml_pipeline to 2024-01-21 00:00:00+00:00, run_after=2024-01-28 00:00:00+00:00
[2025-01-18T11:03:15.865+0000] {processor.py:208} INFO - Processing /opt/airflow/dags/mlpipeline.py took 0.379 seconds
[2025-01-18T11:04:24.669+0000] {processor.py:186} INFO - Started process (PID=315) to work on /opt/airflow/dags/mlpipeline.py
[2025-01-18T11:04:24.671+0000] {processor.py:914} INFO - Processing file /opt/airflow/dags/mlpipeline.py for tasks to queue
[2025-01-18T11:04:24.677+0000] {logging_mixin.py:190} INFO - [2025-01-18T11:04:24.676+0000] {dagbag.py:588} INFO - Filling up the DagBag from /opt/airflow/dags/mlpipeline.py
[2025-01-18T11:04:24.722+0000] {processor.py:925} INFO - DAG(s) 'ml_pipeline' retrieved from /opt/airflow/dags/mlpipeline.py
[2025-01-18T11:04:24.799+0000] {logging_mixin.py:190} INFO - [2025-01-18T11:04:24.798+0000] {dag.py:3239} INFO - Sync 1 DAGs
[2025-01-18T11:04:24.858+0000] {logging_mixin.py:190} INFO - [2025-01-18T11:04:24.857+0000] {dag.py:4180} INFO - Setting next_dagrun for ml_pipeline to 2024-02-04 00:00:00+00:00, run_after=2024-02-11 00:00:00+00:00
[2025-01-18T11:04:25.017+0000] {processor.py:208} INFO - Processing /opt/airflow/dags/mlpipeline.py took 0.361 seconds
[2025-01-18T11:05:11.344+0000] {processor.py:186} INFO - Started process (PID=385) to work on /opt/airflow/dags/mlpipeline.py
[2025-01-18T11:05:11.348+0000] {processor.py:914} INFO - Processing file /opt/airflow/dags/mlpipeline.py for tasks to queue
[2025-01-18T11:05:11.352+0000] {logging_mixin.py:190} INFO - [2025-01-18T11:05:11.352+0000] {dagbag.py:588} INFO - Filling up the DagBag from /opt/airflow/dags/mlpipeline.py
[2025-01-18T11:05:11.390+0000] {processor.py:925} INFO - DAG(s) 'ml_pipeline' retrieved from /opt/airflow/dags/mlpipeline.py
[2025-01-18T11:05:11.446+0000] {logging_mixin.py:190} INFO - [2025-01-18T11:05:11.445+0000] {dag.py:3239} INFO - Sync 1 DAGs
[2025-01-18T11:05:11.497+0000] {logging_mixin.py:190} INFO - [2025-01-18T11:05:11.497+0000] {dag.py:4180} INFO - Setting next_dagrun for ml_pipeline to 2024-02-25 00:00:00+00:00, run_after=2024-03-03 00:00:00+00:00
[2025-01-18T11:05:11.630+0000] {processor.py:208} INFO - Processing /opt/airflow/dags/mlpipeline.py took 0.296 seconds
[2025-01-18T11:06:09.127+0000] {processor.py:186} INFO - Started process (PID=488) to work on /opt/airflow/dags/mlpipeline.py
[2025-01-18T11:06:09.129+0000] {processor.py:914} INFO - Processing file /opt/airflow/dags/mlpipeline.py for tasks to queue
[2025-01-18T11:06:09.132+0000] {logging_mixin.py:190} INFO - [2025-01-18T11:06:09.132+0000] {dagbag.py:588} INFO - Filling up the DagBag from /opt/airflow/dags/mlpipeline.py
[2025-01-18T11:06:09.157+0000] {processor.py:925} INFO - DAG(s) 'ml_pipeline' retrieved from /opt/airflow/dags/mlpipeline.py
[2025-01-18T11:06:09.215+0000] {logging_mixin.py:190} INFO - [2025-01-18T11:06:09.215+0000] {dag.py:3239} INFO - Sync 1 DAGs
[2025-01-18T11:06:09.265+0000] {logging_mixin.py:190} INFO - [2025-01-18T11:06:09.264+0000] {dag.py:4180} INFO - Setting next_dagrun for ml_pipeline to 2024-03-10 00:00:00+00:00, run_after=2024-03-17 00:00:00+00:00
[2025-01-18T11:06:09.360+0000] {processor.py:208} INFO - Processing /opt/airflow/dags/mlpipeline.py took 0.240 seconds
[2025-01-18T11:06:47.995+0000] {processor.py:186} INFO - Started process (PID=558) to work on /opt/airflow/dags/mlpipeline.py
[2025-01-18T11:06:47.997+0000] {processor.py:914} INFO - Processing file /opt/airflow/dags/mlpipeline.py for tasks to queue
[2025-01-18T11:06:48.001+0000] {logging_mixin.py:190} INFO - [2025-01-18T11:06:48.000+0000] {dagbag.py:588} INFO - Filling up the DagBag from /opt/airflow/dags/mlpipeline.py
[2025-01-18T11:06:48.058+0000] {processor.py:925} INFO - DAG(s) 'ml_pipeline' retrieved from /opt/airflow/dags/mlpipeline.py
[2025-01-18T11:06:48.133+0000] {logging_mixin.py:190} INFO - [2025-01-18T11:06:48.133+0000] {dag.py:3239} INFO - Sync 1 DAGs
[2025-01-18T11:06:48.185+0000] {logging_mixin.py:190} INFO - [2025-01-18T11:06:48.184+0000] {dag.py:4180} INFO - Setting next_dagrun for ml_pipeline to 2024-03-31 00:00:00+00:00, run_after=2024-04-07 00:00:00+00:00
[2025-01-18T11:06:48.362+0000] {processor.py:208} INFO - Processing /opt/airflow/dags/mlpipeline.py took 0.378 seconds
[2025-01-18T11:07:37.011+0000] {processor.py:186} INFO - Started process (PID=649) to work on /opt/airflow/dags/mlpipeline.py
[2025-01-18T11:07:37.013+0000] {processor.py:914} INFO - Processing file /opt/airflow/dags/mlpipeline.py for tasks to queue
[2025-01-18T11:07:37.018+0000] {logging_mixin.py:190} INFO - [2025-01-18T11:07:37.017+0000] {dagbag.py:588} INFO - Filling up the DagBag from /opt/airflow/dags/mlpipeline.py
[2025-01-18T11:07:37.068+0000] {processor.py:925} INFO - DAG(s) 'ml_pipeline' retrieved from /opt/airflow/dags/mlpipeline.py
[2025-01-18T11:07:37.134+0000] {logging_mixin.py:190} INFO - [2025-01-18T11:07:37.134+0000] {dag.py:3239} INFO - Sync 1 DAGs
[2025-01-18T11:07:37.200+0000] {logging_mixin.py:190} INFO - [2025-01-18T11:07:37.199+0000] {dag.py:4180} INFO - Setting next_dagrun for ml_pipeline to 2024-04-14 00:00:00+00:00, run_after=2024-04-21 00:00:00+00:00
[2025-01-18T11:07:37.371+0000] {processor.py:208} INFO - Processing /opt/airflow/dags/mlpipeline.py took 0.375 seconds
[2025-01-18T11:08:09.263+0000] {processor.py:186} INFO - Started process (PID=708) to work on /opt/airflow/dags/mlpipeline.py
[2025-01-18T11:08:09.266+0000] {processor.py:914} INFO - Processing file /opt/airflow/dags/mlpipeline.py for tasks to queue
[2025-01-18T11:08:09.273+0000] {logging_mixin.py:190} INFO - [2025-01-18T11:08:09.272+0000] {dagbag.py:588} INFO - Filling up the DagBag from /opt/airflow/dags/mlpipeline.py
[2025-01-18T11:08:09.333+0000] {processor.py:925} INFO - DAG(s) 'ml_pipeline' retrieved from /opt/airflow/dags/mlpipeline.py
[2025-01-18T11:08:09.387+0000] {logging_mixin.py:190} INFO - [2025-01-18T11:08:09.386+0000] {dag.py:3239} INFO - Sync 1 DAGs
[2025-01-18T11:08:09.429+0000] {logging_mixin.py:190} INFO - [2025-01-18T11:08:09.428+0000] {dag.py:4180} INFO - Setting next_dagrun for ml_pipeline to 2024-04-28 00:00:00+00:00, run_after=2024-05-05 00:00:00+00:00
[2025-01-18T11:08:09.606+0000] {processor.py:208} INFO - Processing /opt/airflow/dags/mlpipeline.py took 0.360 seconds
[2025-01-18T11:09:21.404+0000] {processor.py:186} INFO - Started process (PID=834) to work on /opt/airflow/dags/mlpipeline.py
[2025-01-18T11:09:21.405+0000] {processor.py:914} INFO - Processing file /opt/airflow/dags/mlpipeline.py for tasks to queue
[2025-01-18T11:09:21.409+0000] {logging_mixin.py:190} INFO - [2025-01-18T11:09:21.409+0000] {dagbag.py:588} INFO - Filling up the DagBag from /opt/airflow/dags/mlpipeline.py
[2025-01-18T11:09:21.462+0000] {processor.py:925} INFO - DAG(s) 'ml_pipeline' retrieved from /opt/airflow/dags/mlpipeline.py
[2025-01-18T11:09:21.511+0000] {logging_mixin.py:190} INFO - [2025-01-18T11:09:21.511+0000] {dag.py:3239} INFO - Sync 1 DAGs
[2025-01-18T11:09:21.552+0000] {logging_mixin.py:190} INFO - [2025-01-18T11:09:21.552+0000] {dag.py:4180} INFO - Setting next_dagrun for ml_pipeline to 2024-05-19 00:00:00+00:00, run_after=2024-05-26 00:00:00+00:00
[2025-01-18T11:09:21.683+0000] {processor.py:208} INFO - Processing /opt/airflow/dags/mlpipeline.py took 0.285 seconds
[2025-01-18T11:10:00.917+0000] {processor.py:186} INFO - Started process (PID=904) to work on /opt/airflow/dags/mlpipeline.py
[2025-01-18T11:10:00.919+0000] {processor.py:914} INFO - Processing file /opt/airflow/dags/mlpipeline.py for tasks to queue
[2025-01-18T11:10:00.925+0000] {logging_mixin.py:190} INFO - [2025-01-18T11:10:00.924+0000] {dagbag.py:588} INFO - Filling up the DagBag from /opt/airflow/dags/mlpipeline.py
[2025-01-18T11:10:00.989+0000] {processor.py:925} INFO - DAG(s) 'ml_pipeline' retrieved from /opt/airflow/dags/mlpipeline.py
[2025-01-18T11:10:01.041+0000] {logging_mixin.py:190} INFO - [2025-01-18T11:10:01.041+0000] {dag.py:3239} INFO - Sync 1 DAGs
[2025-01-18T11:10:01.083+0000] {logging_mixin.py:190} INFO - [2025-01-18T11:10:01.083+0000] {dag.py:4180} INFO - Setting next_dagrun for ml_pipeline to 2024-06-09 00:00:00+00:00, run_after=2024-06-16 00:00:00+00:00
[2025-01-18T11:10:01.184+0000] {processor.py:208} INFO - Processing /opt/airflow/dags/mlpipeline.py took 0.280 seconds
[2025-01-18T11:10:52.449+0000] {processor.py:186} INFO - Started process (PID=995) to work on /opt/airflow/dags/mlpipeline.py
[2025-01-18T11:10:52.450+0000] {processor.py:914} INFO - Processing file /opt/airflow/dags/mlpipeline.py for tasks to queue
[2025-01-18T11:10:52.453+0000] {logging_mixin.py:190} INFO - [2025-01-18T11:10:52.452+0000] {dagbag.py:588} INFO - Filling up the DagBag from /opt/airflow/dags/mlpipeline.py
[2025-01-18T11:10:52.484+0000] {processor.py:925} INFO - DAG(s) 'ml_pipeline' retrieved from /opt/airflow/dags/mlpipeline.py
[2025-01-18T11:10:52.527+0000] {logging_mixin.py:190} INFO - [2025-01-18T11:10:52.527+0000] {dag.py:3239} INFO - Sync 1 DAGs
[2025-01-18T11:10:52.566+0000] {logging_mixin.py:190} INFO - [2025-01-18T11:10:52.566+0000] {dag.py:4180} INFO - Setting next_dagrun for ml_pipeline to 2024-06-23 00:00:00+00:00, run_after=2024-06-30 00:00:00+00:00
[2025-01-18T11:10:52.716+0000] {processor.py:208} INFO - Processing /opt/airflow/dags/mlpipeline.py took 0.274 seconds
[2025-01-18T11:11:25.089+0000] {processor.py:186} INFO - Started process (PID=1054) to work on /opt/airflow/dags/mlpipeline.py
[2025-01-18T11:11:25.090+0000] {processor.py:914} INFO - Processing file /opt/airflow/dags/mlpipeline.py for tasks to queue
[2025-01-18T11:11:25.094+0000] {logging_mixin.py:190} INFO - [2025-01-18T11:11:25.094+0000] {dagbag.py:588} INFO - Filling up the DagBag from /opt/airflow/dags/mlpipeline.py
[2025-01-18T11:11:25.130+0000] {processor.py:925} INFO - DAG(s) 'ml_pipeline' retrieved from /opt/airflow/dags/mlpipeline.py
[2025-01-18T11:11:25.177+0000] {logging_mixin.py:190} INFO - [2025-01-18T11:11:25.177+0000] {dag.py:3239} INFO - Sync 1 DAGs
[2025-01-18T11:11:25.234+0000] {logging_mixin.py:190} INFO - [2025-01-18T11:11:25.234+0000] {dag.py:4180} INFO - Setting next_dagrun for ml_pipeline to 2024-07-07 00:00:00+00:00, run_after=2024-07-14 00:00:00+00:00
[2025-01-18T11:11:25.391+0000] {processor.py:208} INFO - Processing /opt/airflow/dags/mlpipeline.py took 0.310 seconds
