[2025-01-18T10:38:23.419+0000] {manager.py:483} INFO - Processing files using up to 1 processes at a time 
[2025-01-18T10:38:23.420+0000] {manager.py:484} INFO - Process each file at most once every 30 seconds
[2025-01-18T10:38:23.422+0000] {manager.py:485} INFO - Checking for new files in /opt/airflow/dags every 300 seconds
[2025-01-18T10:38:23.422+0000] {manager.py:821} INFO - Searching for files in /opt/airflow/dags
[2025-01-18T10:38:23.425+0000] {manager.py:824} INFO - There are 0 files in /opt/airflow/dags
[2025-01-18T10:43:30.655+0000] {manager.py:821} INFO - Searching for files in /opt/airflow/dags
[2025-01-18T10:43:30.827+0000] {manager.py:824} INFO - There are 0 files in /opt/airflow/dags
[2025-01-18T10:48:31.586+0000] {manager.py:821} INFO - Searching for files in /opt/airflow/dags
[2025-01-18T10:48:31.594+0000] {manager.py:824} INFO - There are 0 files in /opt/airflow/dags
[2025-01-18T10:53:32.384+0000] {manager.py:821} INFO - Searching for files in /opt/airflow/dags
[2025-01-18T10:53:33.776+0000] {manager.py:824} INFO - There are 4 files in /opt/airflow/dags
[2025-01-18T10:53:52.956+0000] {manager.py:997} INFO - 
================================================================================
DAG File Processing Stats

File Path                             PID    Runtime      # DAGs    # Errors  Last Runtime    Last Run               Last # of DB Queries
------------------------------------  -----  ---------  --------  ----------  --------------  -------------------  ----------------------
/opt/airflow/dags/taskflowapi.py                               1           0  17.69s          2025-01-18T10:53:52                      45
/opt/airflow/dags/exampledag.py                                0           0                                                            0
/opt/airflow/dags/maths_operation.py                           0           0                                                            0
/opt/airflow/dags/mlpipeline.py                                0           0                                                            0
================================================================================
[2025-01-18T10:54:23.359+0000] {manager.py:997} INFO - 
================================================================================
DAG File Processing Stats

File Path                             PID    Runtime      # DAGs    # Errors  Last Runtime    Last Run               Last # of DB Queries
------------------------------------  -----  ---------  --------  ----------  --------------  -------------------  ----------------------
/opt/airflow/dags/exampledag.py                                1           0  6.13s           2025-01-18T10:54:05                      46
/opt/airflow/dags/maths_operation.py                           1           0  1.51s           2025-01-18T10:53:58                      45
/opt/airflow/dags/mlpipeline.py                                1           0  1.33s           2025-01-18T10:53:55                      45
/opt/airflow/dags/taskflowapi.py                               1           0  0.31s           2025-01-18T10:54:23                      12
================================================================================
[2025-01-18T10:54:53.971+0000] {manager.py:997} INFO - 
================================================================================
DAG File Processing Stats

File Path                             PID    Runtime      # DAGs    # Errors  Last Runtime    Last Run               Last # of DB Queries
------------------------------------  -----  ---------  --------  ----------  --------------  -------------------  ----------------------
/opt/airflow/dags/exampledag.py                                1           0  0.41s           2025-01-18T10:54:37                      13
/opt/airflow/dags/mlpipeline.py                                1           0  0.31s           2025-01-18T10:54:26                      12
/opt/airflow/dags/maths_operation.py                           1           0  0.30s           2025-01-18T10:54:29                      12
/opt/airflow/dags/taskflowapi.py                               1           0  0.20s           2025-01-18T10:54:53                      12
================================================================================
[2025-01-18T10:55:24.471+0000] {manager.py:997} INFO - 
================================================================================
DAG File Processing Stats

File Path                             PID    Runtime      # DAGs    # Errors  Last Runtime    Last Run               Last # of DB Queries
------------------------------------  -----  ---------  --------  ----------  --------------  -------------------  ----------------------
/opt/airflow/dags/taskflowapi.py                               1           0  0.41s           2025-01-18T10:55:24                      12
/opt/airflow/dags/exampledag.py                                1           0  0.21s           2025-01-18T10:55:07                      13
/opt/airflow/dags/mlpipeline.py                                1           0  0.20s           2025-01-18T10:54:57                      12
/opt/airflow/dags/maths_operation.py                           1           0  0.20s           2025-01-18T10:55:00                      12
================================================================================
[2025-01-18T10:55:54.889+0000] {manager.py:997} INFO - 
================================================================================
DAG File Processing Stats

File Path                             PID    Runtime      # DAGs    # Errors  Last Runtime    Last Run               Last # of DB Queries
------------------------------------  -----  ---------  --------  ----------  --------------  -------------------  ----------------------
/opt/airflow/dags/exampledag.py                                1           0  0.61s           2025-01-18T10:55:39                      13
/opt/airflow/dags/mlpipeline.py                                1           0  0.41s           2025-01-18T10:55:28                      12
/opt/airflow/dags/taskflowapi.py                               1           0  0.20s           2025-01-18T10:55:54                      12
/opt/airflow/dags/maths_operation.py                           1           0  0.20s           2025-01-18T10:55:31                      12
================================================================================
[2025-01-18T10:56:25.698+0000] {manager.py:997} INFO - 
================================================================================
DAG File Processing Stats

File Path                             PID    Runtime      # DAGs    # Errors  Last Runtime    Last Run               Last # of DB Queries
------------------------------------  -----  ---------  --------  ----------  --------------  -------------------  ----------------------
/opt/airflow/dags/mlpipeline.py                                1           0  1.46s           2025-01-18T10:56:01                      12
/opt/airflow/dags/exampledag.py                                1           0  0.31s           2025-01-18T10:56:10                      13
/opt/airflow/dags/taskflowapi.py                               1           0  0.31s           2025-01-18T10:56:25                      12
/opt/airflow/dags/maths_operation.py                           1           0  0.30s           2025-01-18T10:56:02                      12
================================================================================
[2025-01-18T10:56:56.616+0000] {manager.py:997} INFO - 
================================================================================
DAG File Processing Stats

File Path                             PID    Runtime      # DAGs    # Errors  Last Runtime    Last Run               Last # of DB Queries
------------------------------------  -----  ---------  --------  ----------  --------------  -------------------  ----------------------
/opt/airflow/dags/taskflowapi.py                               1           0  0.52s           2025-01-18T10:56:56                      12
/opt/airflow/dags/exampledag.py                                1           0  0.51s           2025-01-18T10:56:40                      13
/opt/airflow/dags/maths_operation.py                           1           0  0.41s           2025-01-18T10:56:34                      12
/opt/airflow/dags/mlpipeline.py                                1           0  0.31s           2025-01-18T10:56:31                      12
================================================================================
[2025-01-18T10:57:27.211+0000] {manager.py:997} INFO - 
================================================================================
DAG File Processing Stats

File Path                             PID    Runtime      # DAGs    # Errors  Last Runtime    Last Run               Last # of DB Queries
------------------------------------  -----  ---------  --------  ----------  --------------  -------------------  ----------------------
/opt/airflow/dags/exampledag.py                                1           0  0.51s           2025-01-18T10:57:12                      13
/opt/airflow/dags/mlpipeline.py                                1           0  0.41s           2025-01-18T10:57:02                      12
/opt/airflow/dags/taskflowapi.py                               1           0  0.40s           2025-01-18T10:57:27                      12
/opt/airflow/dags/maths_operation.py                           1           0  0.31s           2025-01-18T10:57:05                      12
================================================================================
[2025-01-18T10:57:58.151+0000] {manager.py:997} INFO - 
================================================================================
DAG File Processing Stats

File Path                             PID    Runtime      # DAGs    # Errors  Last Runtime    Last Run               Last # of DB Queries
------------------------------------  -----  ---------  --------  ----------  --------------  -------------------  ----------------------
/opt/airflow/dags/maths_operation.py                           1           0  0.51s           2025-01-18T10:57:36                      12
/opt/airflow/dags/taskflowapi.py                               1           0  0.31s           2025-01-18T10:57:58                      12
/opt/airflow/dags/mlpipeline.py                                1           0  0.30s           2025-01-18T10:57:33                      12
/opt/airflow/dags/exampledag.py                                1           0  0.30s           2025-01-18T10:57:43                      13
================================================================================
[2025-01-18T10:58:29.141+0000] {manager.py:997} INFO - 
================================================================================
DAG File Processing Stats

File Path                             PID    Runtime      # DAGs    # Errors  Last Runtime    Last Run               Last # of DB Queries
------------------------------------  -----  ---------  --------  ----------  --------------  -------------------  ----------------------
/opt/airflow/dags/exampledag.py                                1           0  0.51s           2025-01-18T10:58:14                      13
/opt/airflow/dags/mlpipeline.py                                1           0  0.51s           2025-01-18T10:58:05                      12
/opt/airflow/dags/taskflowapi.py                               1           0  0.51s           2025-01-18T10:58:29                      12
/opt/airflow/dags/maths_operation.py                           1           0  0.31s           2025-01-18T10:58:07                      12
================================================================================
[2025-01-18T10:58:32.763+0000] {manager.py:821} INFO - Searching for files in /opt/airflow/dags
[2025-01-18T10:58:32.970+0000] {manager.py:824} INFO - There are 4 files in /opt/airflow/dags
[2025-01-18T10:59:00.455+0000] {manager.py:997} INFO - 
================================================================================
DAG File Processing Stats

File Path                             PID    Runtime      # DAGs    # Errors  Last Runtime    Last Run               Last # of DB Queries
------------------------------------  -----  ---------  --------  ----------  --------------  -------------------  ----------------------
/opt/airflow/dags/mlpipeline.py                                1           0  0.41s           2025-01-18T10:58:36                      12
/opt/airflow/dags/exampledag.py                                1           0  0.41s           2025-01-18T10:58:45                      13
/opt/airflow/dags/taskflowapi.py                               1           0  0.41s           2025-01-18T10:59:00                      12
/opt/airflow/dags/maths_operation.py                           1           0  0.21s           2025-01-18T10:58:38                      12
================================================================================
[2025-01-18T10:59:31.183+0000] {manager.py:997} INFO - 
================================================================================
DAG File Processing Stats

File Path                             PID    Runtime      # DAGs    # Errors  Last Runtime    Last Run               Last # of DB Queries
------------------------------------  -----  ---------  --------  ----------  --------------  -------------------  ----------------------
/opt/airflow/dags/taskflowapi.py                               1           0  0.51s           2025-01-18T10:59:31                      12
/opt/airflow/dags/exampledag.py                                1           0  0.41s           2025-01-18T10:59:16                      13
/opt/airflow/dags/mlpipeline.py                                1           0  0.41s           2025-01-18T10:59:07                      12
/opt/airflow/dags/maths_operation.py                           1           0  0.41s           2025-01-18T10:59:10                      12
================================================================================
[2025-01-18T11:00:02.462+0000] {manager.py:997} INFO - 
================================================================================
DAG File Processing Stats

File Path                             PID    Runtime      # DAGs    # Errors  Last Runtime    Last Run               Last # of DB Queries
------------------------------------  -----  ---------  --------  ----------  --------------  -------------------  ----------------------
/opt/airflow/dags/exampledag.py                                1           0  0.41s           2025-01-18T10:59:46                      13
/opt/airflow/dags/taskflowapi.py                               1           0  0.41s           2025-01-18T11:00:02                      12
/opt/airflow/dags/maths_operation.py                           1           0  0.31s           2025-01-18T10:59:41                      12
/opt/airflow/dags/mlpipeline.py                                1           0  0.31s           2025-01-18T10:59:38                      12
================================================================================
[2025-01-18T11:00:33.532+0000] {manager.py:997} INFO - 
================================================================================
DAG File Processing Stats

File Path                             PID    Runtime      # DAGs    # Errors  Last Runtime    Last Run               Last # of DB Queries
------------------------------------  -----  ---------  --------  ----------  --------------  -------------------  ----------------------
/opt/airflow/dags/taskflowapi.py                               1           0  0.42s           2025-01-18T11:00:33                      12
/opt/airflow/dags/exampledag.py                                1           0  0.30s           2025-01-18T11:00:17                      13
/opt/airflow/dags/mlpipeline.py                                1           0  0.21s           2025-01-18T11:00:09                      12
/opt/airflow/dags/maths_operation.py                           1           0  0.20s           2025-01-18T11:00:12                      12
================================================================================
[2025-01-18T11:01:04.559+0000] {manager.py:997} INFO - 
================================================================================
DAG File Processing Stats

File Path                             PID    Runtime      # DAGs    # Errors  Last Runtime    Last Run               Last # of DB Queries
------------------------------------  -----  ---------  --------  ----------  --------------  -------------------  ----------------------
/opt/airflow/dags/mlpipeline.py                                1           0  0.41s           2025-01-18T11:00:40                      12
/opt/airflow/dags/exampledag.py                                1           0  0.31s           2025-01-18T11:00:49                      13
/opt/airflow/dags/maths_operation.py                           1           0  0.31s           2025-01-18T11:00:44                      12
/opt/airflow/dags/taskflowapi.py                               1           0  0.31s           2025-01-18T11:01:04                      12
================================================================================
[2025-01-18T11:01:36.157+0000] {manager.py:997} INFO - 
================================================================================
DAG File Processing Stats

File Path                             PID    Runtime      # DAGs    # Errors  Last Runtime    Last Run               Last # of DB Queries
------------------------------------  -----  ---------  --------  ----------  --------------  -------------------  ----------------------
/opt/airflow/dags/taskflowapi.py                               1           0  0.82s           2025-01-18T11:01:36                      12
/opt/airflow/dags/exampledag.py                                1           0  0.65s           2025-01-18T11:01:20                      13
/opt/airflow/dags/maths_operation.py                           1           0  0.51s           2025-01-18T11:01:16                      12
/opt/airflow/dags/mlpipeline.py                                1           0  0.31s           2025-01-18T11:01:11                      12
================================================================================
[2025-01-18T11:02:07.120+0000] {manager.py:997} INFO - 
================================================================================
DAG File Processing Stats

File Path                             PID    Runtime      # DAGs    # Errors  Last Runtime    Last Run               Last # of DB Queries
------------------------------------  -----  ---------  --------  ----------  --------------  -------------------  ----------------------
/opt/airflow/dags/exampledag.py                                1           0  0.51s           2025-01-18T11:01:51                      13
/opt/airflow/dags/taskflowapi.py                               1           0  0.41s           2025-01-18T11:02:07                      12
/opt/airflow/dags/maths_operation.py                           1           0  0.31s           2025-01-18T11:01:47                      12
/opt/airflow/dags/mlpipeline.py                                1           0  0.30s           2025-01-18T11:01:41                      12
================================================================================
[2025-01-18T11:02:56.856+0000] {manager.py:997} INFO - 
================================================================================
DAG File Processing Stats

File Path                             PID    Runtime      # DAGs    # Errors  Last Runtime    Last Run               Last # of DB Queries
------------------------------------  -----  ---------  --------  ----------  --------------  -------------------  ----------------------
/opt/airflow/dags/maths_operation.py                           1           0  0.81s           2025-01-18T11:02:18                      12
/opt/airflow/dags/taskflowapi.py                               1           0  0.72s           2025-01-18T11:02:56                      12
/opt/airflow/dags/mlpipeline.py                                1           0  0.52s           2025-01-18T11:02:12                      12
/opt/airflow/dags/exampledag.py                                1           0  0.51s           2025-01-18T11:01:51                      13
================================================================================
[2025-01-18T11:03:41.711+0000] {manager.py:821} INFO - Searching for files in /opt/airflow/dags
[2025-01-18T11:03:41.786+0000] {manager.py:824} INFO - There are 4 files in /opt/airflow/dags
[2025-01-18T11:03:42.258+0000] {manager.py:997} INFO - 
================================================================================
DAG File Processing Stats

File Path                             PID    Runtime      # DAGs    # Errors  Last Runtime    Last Run               Last # of DB Queries
------------------------------------  -----  ---------  --------  ----------  --------------  -------------------  ----------------------
/opt/airflow/dags/taskflowapi.py                               1           0  0.72s           2025-01-18T11:02:56                      12
/opt/airflow/dags/exampledag.py                                1           0  0.51s           2025-01-18T11:01:51                      13
/opt/airflow/dags/mlpipeline.py                                1           0  0.41s           2025-01-18T11:03:15                      12
/opt/airflow/dags/maths_operation.py                           1           0  0.40s           2025-01-18T11:03:42                      12
================================================================================
[2025-01-18T11:04:18.063+0000] {manager.py:997} INFO - 
================================================================================
DAG File Processing Stats

File Path                             PID    Runtime      # DAGs    # Errors  Last Runtime    Last Run               Last # of DB Queries
------------------------------------  -----  ---------  --------  ----------  --------------  -------------------  ----------------------
/opt/airflow/dags/exampledag.py                                1           0  0.61s           2025-01-18T11:04:03                      13
/opt/airflow/dags/taskflowapi.py                               1           0  0.51s           2025-01-18T11:04:18                      12
/opt/airflow/dags/mlpipeline.py                                1           0  0.41s           2025-01-18T11:03:15                      12
/opt/airflow/dags/maths_operation.py                           1           0  0.40s           2025-01-18T11:03:42                      12
================================================================================
[2025-01-18T11:04:52.252+0000] {manager.py:997} INFO - 
================================================================================
DAG File Processing Stats

File Path                             PID    Runtime      # DAGs    # Errors  Last Runtime    Last Run               Last # of DB Queries
------------------------------------  -----  ---------  --------  ----------  --------------  -------------------  ----------------------
/opt/airflow/dags/maths_operation.py                           1           0  0.51s           2025-01-18T11:04:32                      12
/opt/airflow/dags/exampledag.py                                1           0  0.41s           2025-01-18T11:04:39                      13
/opt/airflow/dags/mlpipeline.py                                1           0  0.41s           2025-01-18T11:04:25                      12
/opt/airflow/dags/taskflowapi.py                               1           0  0.41s           2025-01-18T11:04:52                      12
================================================================================
[2025-01-18T11:05:30.916+0000] {manager.py:997} INFO - 
================================================================================
DAG File Processing Stats

File Path                             PID    Runtime      # DAGs    # Errors  Last Runtime    Last Run               Last # of DB Queries
------------------------------------  -----  ---------  --------  ----------  --------------  -------------------  ----------------------
/opt/airflow/dags/exampledag.py                                1           0  0.41s           2025-01-18T11:04:39                      13
/opt/airflow/dags/maths_operation.py                           1           0  0.41s           2025-01-18T11:05:30                      12
/opt/airflow/dags/taskflowapi.py                               1           0  0.41s           2025-01-18T11:04:52                      12
/opt/airflow/dags/mlpipeline.py                                1           0  0.41s           2025-01-18T11:05:11                      12
================================================================================
[2025-01-18T11:06:02.217+0000] {manager.py:997} INFO - 
================================================================================
DAG File Processing Stats

File Path                             PID    Runtime      # DAGs    # Errors  Last Runtime    Last Run               Last # of DB Queries
------------------------------------  -----  ---------  --------  ----------  --------------  -------------------  ----------------------
/opt/airflow/dags/taskflowapi.py                               1           0  0.51s           2025-01-18T11:06:02                      12
/opt/airflow/dags/exampledag.py                                1           0  0.51s           2025-01-18T11:05:49                      13
/opt/airflow/dags/maths_operation.py                           1           0  0.41s           2025-01-18T11:05:30                      12
/opt/airflow/dags/mlpipeline.py                                1           0  0.41s           2025-01-18T11:05:11                      12
================================================================================
[2025-01-18T11:06:34.934+0000] {manager.py:997} INFO - 
================================================================================
DAG File Processing Stats

File Path                             PID    Runtime      # DAGs    # Errors  Last Runtime    Last Run               Last # of DB Queries
------------------------------------  -----  ---------  --------  ----------  --------------  -------------------  ----------------------
/opt/airflow/dags/exampledag.py                                1           0  0.42s           2025-01-18T11:06:22                      13
/opt/airflow/dags/maths_operation.py                           1           0  0.40s           2025-01-18T11:06:16                      12
/opt/airflow/dags/taskflowapi.py                               1           0  0.31s           2025-01-18T11:06:34                      12
/opt/airflow/dags/mlpipeline.py                                1           0  0.31s           2025-01-18T11:06:09                      12
================================================================================
[2025-01-18T11:07:06.080+0000] {manager.py:997} INFO - 
================================================================================
DAG File Processing Stats

File Path                             PID    Runtime      # DAGs    # Errors  Last Runtime    Last Run               Last # of DB Queries
------------------------------------  -----  ---------  --------  ----------  --------------  -------------------  ----------------------
/opt/airflow/dags/mlpipeline.py                                1           0  0.52s           2025-01-18T11:06:48                      12
/opt/airflow/dags/exampledag.py                                1           0  0.42s           2025-01-18T11:06:22                      13
/opt/airflow/dags/taskflowapi.py                               1           0  0.31s           2025-01-18T11:06:34                      12
/opt/airflow/dags/maths_operation.py                           1           0  0.30s           2025-01-18T11:07:06                      12
================================================================================
[2025-01-18T11:07:37.473+0000] {manager.py:997} INFO - 
================================================================================
DAG File Processing Stats

File Path                             PID    Runtime      # DAGs    # Errors  Last Runtime    Last Run               Last # of DB Queries
------------------------------------  -----  ---------  --------  ----------  --------------  -------------------  ----------------------
/opt/airflow/dags/taskflowapi.py                               1           0  0.71s           2025-01-18T11:07:24                      12
/opt/airflow/dags/mlpipeline.py                                1           0  0.51s           2025-01-18T11:07:37                      12
/opt/airflow/dags/exampledag.py                                1           0  0.42s           2025-01-18T11:06:22                      13
/opt/airflow/dags/maths_operation.py                           1           0  0.30s           2025-01-18T11:07:06                      12
================================================================================
[2025-01-18T11:08:09.630+0000] {manager.py:997} INFO - 
================================================================================
DAG File Processing Stats

File Path                             PID    Runtime      # DAGs    # Errors  Last Runtime    Last Run               Last # of DB Queries
------------------------------------  -----  ---------  --------  ----------  --------------  -------------------  ----------------------
/opt/airflow/dags/mlpipeline.py                                1           0  0.43s           2025-01-18T11:08:09                      12
/opt/airflow/dags/maths_operation.py                           1           0  0.41s           2025-01-18T11:08:02                      12
/opt/airflow/dags/exampledag.py                                1           0  0.40s           2025-01-18T11:07:49                      13
/opt/airflow/dags/taskflowapi.py                               1           0  0.31s           2025-01-18T11:07:56                      12
================================================================================
[2025-01-18T11:08:39.797+0000] {manager.py:997} INFO - 
================================================================================
DAG File Processing Stats

File Path                             PID    Runtime      # DAGs    # Errors  Last Runtime    Last Run               Last # of DB Queries
------------------------------------  -----  ---------  --------  ----------  --------------  -------------------  ----------------------
/opt/airflow/dags/mlpipeline.py                                1           0  0.43s           2025-01-18T11:08:09                      12
/opt/airflow/dags/maths_operation.py                           1           0  0.41s           2025-01-18T11:08:02                      12
/opt/airflow/dags/exampledag.py                                1           0  0.41s           2025-01-18T11:08:22                      13
/opt/airflow/dags/taskflowapi.py                               1           0  0.31s           2025-01-18T11:08:39                      12
================================================================================
[2025-01-18T11:09:01.511+0000] {manager.py:821} INFO - Searching for files in /opt/airflow/dags
[2025-01-18T11:09:01.579+0000] {manager.py:824} INFO - There are 4 files in /opt/airflow/dags
[2025-01-18T11:09:14.616+0000] {manager.py:997} INFO - 
================================================================================
DAG File Processing Stats

File Path                             PID    Runtime      # DAGs    # Errors  Last Runtime    Last Run               Last # of DB Queries
------------------------------------  -----  ---------  --------  ----------  --------------  -------------------  ----------------------
/opt/airflow/dags/mlpipeline.py                                1           0  0.43s           2025-01-18T11:08:09                      12
/opt/airflow/dags/exampledag.py                                1           0  0.41s           2025-01-18T11:08:22                      13
/opt/airflow/dags/taskflowapi.py                               1           0  0.41s           2025-01-18T11:09:14                      12
/opt/airflow/dags/maths_operation.py                           1           0  0.31s           2025-01-18T11:09:01                      12
================================================================================
[2025-01-18T11:09:48.675+0000] {manager.py:997} INFO - 
================================================================================
DAG File Processing Stats

File Path                             PID    Runtime      # DAGs    # Errors  Last Runtime    Last Run               Last # of DB Queries
------------------------------------  -----  ---------  --------  ----------  --------------  -------------------  ----------------------
/opt/airflow/dags/maths_operation.py                           1           0  0.41s           2025-01-18T11:09:36                      12
/opt/airflow/dags/mlpipeline.py                                1           0  0.41s           2025-01-18T11:09:21                      12
/opt/airflow/dags/exampledag.py                                1           0  0.41s           2025-01-18T11:09:29                      13
/opt/airflow/dags/taskflowapi.py                               1           0  0.32s           2025-01-18T11:09:48                      12
================================================================================
[2025-01-18T11:10:21.453+0000] {manager.py:997} INFO - 
================================================================================
DAG File Processing Stats

File Path                             PID    Runtime      # DAGs    # Errors  Last Runtime    Last Run               Last # of DB Queries
------------------------------------  -----  ---------  --------  ----------  --------------  -------------------  ----------------------
/opt/airflow/dags/maths_operation.py                           1           0  0.41s           2025-01-18T11:09:36                      12
/opt/airflow/dags/exampledag.py                                1           0  0.41s           2025-01-18T11:10:21                      13
/opt/airflow/dags/mlpipeline.py                                1           0  0.41s           2025-01-18T11:10:01                      12
/opt/airflow/dags/taskflowapi.py                               1           0  0.32s           2025-01-18T11:09:48                      12
================================================================================
[2025-01-18T11:10:52.731+0000] {manager.py:997} INFO - 
================================================================================
DAG File Processing Stats

File Path                             PID    Runtime      # DAGs    # Errors  Last Runtime    Last Run               Last # of DB Queries
------------------------------------  -----  ---------  --------  ----------  --------------  -------------------  ----------------------
/opt/airflow/dags/maths_operation.py                           1           0  0.41s           2025-01-18T11:09:36                      12
/opt/airflow/dags/exampledag.py                                1           0  0.41s           2025-01-18T11:10:21                      13
/opt/airflow/dags/taskflowapi.py                               1           0  0.41s           2025-01-18T11:10:39                      12
/opt/airflow/dags/mlpipeline.py                                1           0  0.31s           2025-01-18T11:10:52                      12
================================================================================
[2025-01-18T11:11:25.452+0000] {manager.py:997} INFO - 
================================================================================
DAG File Processing Stats

File Path                             PID    Runtime      # DAGs    # Errors  Last Runtime    Last Run               Last # of DB Queries
------------------------------------  -----  ---------  --------  ----------  --------------  -------------------  ----------------------
/opt/airflow/dags/taskflowapi.py                               1           0  0.41s           2025-01-18T11:11:11                      12
/opt/airflow/dags/exampledag.py                                1           0  0.41s           2025-01-18T11:11:18                      13
/opt/airflow/dags/mlpipeline.py                                1           0  0.41s           2025-01-18T11:11:25                      12
/opt/airflow/dags/maths_operation.py                           1           0  0.31s           2025-01-18T11:11:05                      12
================================================================================
